{"/Users/juliatimokhina/react2026Q2/src/App.tsx": {"path":"/Users/juliatimokhina/react2026Q2/src/App.tsx","statementMap":{"0":{"start":{"line":26,"column":13},"end":{"line":46,"column":null}},"1":{"start":{"line":50,"column":2},"end":{"line":58,"column":null}},"2":{"start":{"line":13,"column":4},"end":{"line":13,"column":null}},"3":{"start":{"line":14,"column":4},"end":{"line":19,"column":null}},"4":{"start":{"line":23,"column":4},"end":{"line":23,"column":null}},"5":{"start":{"line":27,"column":27},"end":{"line":27,"column":null}},"6":{"start":{"line":29,"column":4},"end":{"line":29,"column":null}},"7":{"start":{"line":31,"column":4},"end":{"line":46,"column":null}},"8":{"start":{"line":34,"column":6},"end":{"line":37,"column":null}},"9":{"start":{"line":35,"column":8},"end":{"line":35,"column":null}},"10":{"start":{"line":37,"column":8},"end":{"line":37,"column":null}},"11":{"start":{"line":40,"column":6},"end":{"line":40,"column":null}},"12":{"start":{"line":42,"column":6},"end":{"line":42,"column":null}},"13":{"start":{"line":43,"column":6},"end":{"line":46,"column":null}},"14":{"start":{"line":52,"column":4},"end":{"line":53,"column":null}},"15":{"start":{"line":53,"column":6},"end":{"line":53,"column":null}},"16":{"start":{"line":56,"column":4},"end":{"line":58,"column":null}},"17":{"start":{"line":57,"column":6},"end":{"line":57,"column":null}},"18":{"start":{"line":62,"column":50},"end":{"line":62,"column":null}},"19":{"start":{"line":64,"column":4},"end":{"line":81,"column":null}}},"fnMap":{"0":{"name":"(anonymous_0)","decl":{"start":{"line":12,"column":2},"end":{"line":12,"column":14}},"loc":{"start":{"line":12,"column":44},"end":{"line":19,"column":null}},"line":12},"1":{"name":"(anonymous_1)","decl":{"start":{"line":22,"column":2},"end":{"line":22,"column":22}},"loc":{"start":{"line":22,"column":22},"end":{"line":23,"column":null}},"line":22},"2":{"name":"(anonymous_2)","decl":{"start":{"line":26,"column":13},"end":{"line":26,"column":25}},"loc":{"start":{"line":26,"column":25},"end":{"line":46,"column":null}},"line":26},"3":{"name":"(anonymous_3)","decl":{"start":{"line":50,"column":2},"end":{"line":50,"column":18}},"loc":{"start":{"line":50,"column":35},"end":{"line":58,"column":null}},"line":50},"4":{"name":"(anonymous_4)","decl":{"start":{"line":56,"column":38},"end":{"line":56,"column":46}},"loc":{"start":{"line":56,"column":46},"end":{"line":58,"column":null}},"line":56},"5":{"name":"(anonymous_5)","decl":{"start":{"line":61,"column":2},"end":{"line":61,"column":11}},"loc":{"start":{"line":61,"column":11},"end":{"line":81,"column":null}},"line":61}},"branchMap":{"0":{"loc":{"start":{"line":34,"column":6},"end":{"line":37,"column":null}},"type":"if","locations":[{"start":{"line":34,"column":6},"end":{"line":37,"column":null}},{"start":{"line":36,"column":13},"end":{"line":37,"column":null}}],"line":34},"1":{"loc":{"start":{"line":52,"column":4},"end":{"line":53,"column":null}},"type":"if","locations":[{"start":{"line":52,"column":4},"end":{"line":53,"column":null}},{"start":{},"end":{}}],"line":52},"2":{"loc":{"start":{"line":70,"column":11},"end":{"line":70,"column":null}},"type":"binary-expr","locations":[{"start":{"line":70,"column":11},"end":{"line":70,"column":22}},{"start":{"line":70,"column":22},"end":{"line":70,"column":null}}],"line":70},"3":{"loc":{"start":{"line":72,"column":11},"end":{"line":75,"column":null}},"type":"binary-expr","locations":[{"start":{"line":72,"column":11},"end":{"line":72,"column":null}},{"start":{"line":73,"column":12},"end":{"line":75,"column":null}}],"line":72},"4":{"loc":{"start":{"line":78,"column":11},"end":{"line":78,"column":null}},"type":"binary-expr","locations":[{"start":{"line":78,"column":11},"end":{"line":78,"column":23}},{"start":{"line":78,"column":23},"end":{"line":78,"column":33}},{"start":{"line":78,"column":33},"end":{"line":78,"column":null}}],"line":78}},"s":{"0":5,"1":1,"2":4,"3":4,"4":4,"5":5,"6":5,"7":5,"8":5,"9":1,"10":4,"11":3,"12":1,"13":1,"14":1,"15":0,"16":1,"17":1,"18":14,"19":14},"f":{"0":4,"1":4,"2":5,"3":1,"4":1,"5":14},"b":{"0":[1,4],"1":[0,1],"2":[14,5],"3":[14,1],"4":[14,9,8]},"meta":{"lastBranch":5,"lastFunction":6,"lastStatement":20,"seen":{"s:26:13:46:Infinity":0,"s:50:2:58:Infinity":1,"f:12:2:12:14":0,"s:13:4:13:Infinity":2,"s:14:4:19:Infinity":3,"f:22:2:22:22":1,"s:23:4:23:Infinity":4,"f:26:13:26:25":2,"s:27:27:27:Infinity":5,"s:29:4:29:Infinity":6,"s:31:4:46:Infinity":7,"b:34:6:37:Infinity:36:13:37:Infinity":0,"s:34:6:37:Infinity":8,"s:35:8:35:Infinity":9,"s:37:8:37:Infinity":10,"s:40:6:40:Infinity":11,"s:42:6:42:Infinity":12,"s:43:6:46:Infinity":13,"f:50:2:50:18":3,"b:52:4:53:Infinity:undefined:undefined:undefined:undefined":1,"s:52:4:53:Infinity":14,"s:53:6:53:Infinity":15,"s:56:4:58:Infinity":16,"f:56:38:56:46":4,"s:57:6:57:Infinity":17,"f:61:2:61:11":5,"s:62:50:62:Infinity":18,"s:64:4:81:Infinity":19,"b:70:11:70:22:70:22:70:Infinity":2,"b:72:11:72:Infinity:73:12:75:Infinity":3,"b:78:11:78:23:78:23:78:33:78:33:78:Infinity":4}}}
,"/Users/juliatimokhina/react2026Q2/src/components/Button/Button.tsx": {"path":"/Users/juliatimokhina/react2026Q2/src/components/Button/Button.tsx","statementMap":{"0":{"start":{"line":11,"column":34},"end":{"line":11,"column":null}},"1":{"start":{"line":13,"column":4},"end":{"line":16,"column":null}}},"fnMap":{"0":{"name":"(anonymous_0)","decl":{"start":{"line":10,"column":2},"end":{"line":10,"column":11}},"loc":{"start":{"line":10,"column":11},"end":{"line":16,"column":null}},"line":10}},"branchMap":{},"s":{"0":41,"1":41},"f":{"0":41},"b":{},"meta":{"lastBranch":0,"lastFunction":1,"lastStatement":2,"seen":{"f:10:2:10:11":0,"s:11:34:11:Infinity":0,"s:13:4:16:Infinity":1}}}
,"/Users/juliatimokhina/react2026Q2/src/components/Button/ErrorTestButton.tsx": {"path":"/Users/juliatimokhina/react2026Q2/src/components/Button/ErrorTestButton.tsx","statementMap":{"0":{"start":{"line":14,"column":2},"end":{"line":17,"column":null}},"1":{"start":{"line":8,"column":4},"end":{"line":8,"column":null}},"2":{"start":{"line":9,"column":4},"end":{"line":11,"column":null}},"3":{"start":{"line":15,"column":4},"end":{"line":17,"column":null}},"4":{"start":{"line":16,"column":6},"end":{"line":16,"column":null}},"5":{"start":{"line":21,"column":4},"end":{"line":22,"column":null}},"6":{"start":{"line":22,"column":6},"end":{"line":22,"column":null}},"7":{"start":{"line":25,"column":4},"end":{"line":28,"column":null}}},"fnMap":{"0":{"name":"(anonymous_0)","decl":{"start":{"line":7,"column":2},"end":{"line":7,"column":14}},"loc":{"start":{"line":7,"column":43},"end":{"line":11,"column":null}},"line":7},"1":{"name":"(anonymous_1)","decl":{"start":{"line":14,"column":2},"end":{"line":14,"column":27}},"loc":{"start":{"line":14,"column":27},"end":{"line":17,"column":null}},"line":14},"2":{"name":"(anonymous_2)","decl":{"start":{"line":15,"column":39},"end":{"line":15,"column":47}},"loc":{"start":{"line":15,"column":47},"end":{"line":17,"column":null}},"line":15},"3":{"name":"(anonymous_3)","decl":{"start":{"line":20,"column":2},"end":{"line":20,"column":11}},"loc":{"start":{"line":20,"column":11},"end":{"line":28,"column":null}},"line":20}},"branchMap":{"0":{"loc":{"start":{"line":21,"column":4},"end":{"line":22,"column":null}},"type":"if","locations":[{"start":{"line":21,"column":4},"end":{"line":22,"column":null}},{"start":{},"end":{}}],"line":21}},"s":{"0":2,"1":8,"2":8,"3":2,"4":0,"5":21,"6":4,"7":17},"f":{"0":8,"1":2,"2":0,"3":21},"b":{"0":[4,17]},"meta":{"lastBranch":1,"lastFunction":4,"lastStatement":8,"seen":{"s:14:2:17:Infinity":0,"f:7:2:7:14":0,"s:8:4:8:Infinity":1,"s:9:4:11:Infinity":2,"f:14:2:14:27":1,"s:15:4:17:Infinity":3,"f:15:39:15:47":2,"s:16:6:16:Infinity":4,"f:20:2:20:11":3,"b:21:4:22:Infinity:undefined:undefined:undefined:undefined":0,"s:21:4:22:Infinity":5,"s:22:6:22:Infinity":6,"s:25:4:28:Infinity":7}}}
,"/Users/juliatimokhina/react2026Q2/src/components/Card/Card.tsx": {"path":"/Users/juliatimokhina/react2026Q2/src/components/Card/Card.tsx","statementMap":{"0":{"start":{"line":7,"column":48},"end":{"line":7,"column":null}},"1":{"start":{"line":9,"column":10},"end":{"line":30,"column":null}},"2":{"start":{"line":10,"column":45},"end":{"line":29,"column":null}},"3":{"start":{"line":30,"column":6},"end":{"line":30,"column":null}},"4":{"start":{"line":33,"column":21},"end":{"line":33,"column":null}},"5":{"start":{"line":34,"column":22},"end":{"line":34,"column":44}},"6":{"start":{"line":36,"column":4},"end":{"line":54,"column":null}},"7":{"start":{"line":48,"column":16},"end":{"line":50,"column":null}}},"fnMap":{"0":{"name":"(anonymous_0)","decl":{"start":{"line":6,"column":2},"end":{"line":6,"column":11}},"loc":{"start":{"line":6,"column":11},"end":{"line":54,"column":null}},"line":6},"1":{"name":"(anonymous_1)","decl":{"start":{"line":9,"column":10},"end":{"line":9,"column":26}},"loc":{"start":{"line":9,"column":51},"end":{"line":30,"column":null}},"line":9},"2":{"name":"(anonymous_2)","decl":{"start":{"line":47,"column":21},"end":{"line":47,"column":25}},"loc":{"start":{"line":48,"column":16},"end":{"line":50,"column":null}},"line":48}},"branchMap":{"0":{"loc":{"start":{"line":30,"column":13},"end":{"line":30,"column":null}},"type":"binary-expr","locations":[{"start":{"line":30,"column":13},"end":{"line":30,"column":29}},{"start":{"line":30,"column":29},"end":{"line":30,"column":null}}],"line":30},"1":{"loc":{"start":{"line":33,"column":21},"end":{"line":33,"column":null}},"type":"cond-expr","locations":[{"start":{"line":33,"column":49},"end":{"line":33,"column":60}},{"start":{"line":33,"column":60},"end":{"line":33,"column":null}}],"line":33},"2":{"loc":{"start":{"line":33,"column":21},"end":{"line":33,"column":49}},"type":"binary-expr","locations":[{"start":{"line":33,"column":21},"end":{"line":33,"column":30}},{"start":{"line":33,"column":30},"end":{"line":33,"column":49}}],"line":33},"3":{"loc":{"start":{"line":38,"column":9},"end":{"line":43,"column":9}},"type":"binary-expr","locations":[{"start":{"line":38,"column":9},"end":{"line":38,"column":null}},{"start":{"line":39,"column":10},"end":{"line":43,"column":9}}],"line":38},"4":{"loc":{"start":{"line":45,"column":11},"end":{"line":52,"column":null}},"type":"binary-expr","locations":[{"start":{"line":45,"column":11},"end":{"line":45,"column":20}},{"start":{"line":45,"column":20},"end":{"line":45,"column":null}},{"start":{"line":46,"column":12},"end":{"line":52,"column":null}}],"line":45}},"s":{"0":23,"1":23,"2":23,"3":23,"4":23,"5":23,"6":23,"7":16},"f":{"0":23,"1":23,"2":16},"b":{"0":[23,0],"1":[12,11],"2":[23,21],"3":[23,11],"4":[23,21,12]},"meta":{"lastBranch":5,"lastFunction":3,"lastStatement":8,"seen":{"f:6:2:6:11":0,"s:7:48:7:Infinity":0,"s:9:10:30:Infinity":1,"f:9:10:9:26":1,"s:10:45:29:Infinity":2,"s:30:6:30:Infinity":3,"b:30:13:30:29:30:29:30:Infinity":0,"s:33:21:33:Infinity":4,"b:33:49:33:60:33:60:33:Infinity":1,"b:33:21:33:30:33:30:33:49":2,"s:34:22:34:44":5,"s:36:4:54:Infinity":6,"b:38:9:38:Infinity:39:10:43:9":3,"b:45:11:45:20:45:20:45:Infinity:46:12:52:Infinity":4,"f:47:21:47:25":2,"s:48:16:50:Infinity":7}}}
,"/Users/juliatimokhina/react2026Q2/src/components/ErrorBoundary/ErrorBoundary.tsx": {"path":"/Users/juliatimokhina/react2026Q2/src/components/ErrorBoundary/ErrorBoundary.tsx","statementMap":{"0":{"start":{"line":27,"column":2},"end":{"line":29,"column":null}},"1":{"start":{"line":8,"column":4},"end":{"line":8,"column":null}},"2":{"start":{"line":9,"column":4},"end":{"line":12,"column":null}},"3":{"start":{"line":16,"column":4},"end":{"line":19,"column":null}},"4":{"start":{"line":23,"column":4},"end":{"line":23,"column":null}},"5":{"start":{"line":24,"column":4},"end":{"line":24,"column":null}},"6":{"start":{"line":28,"column":4},"end":{"line":28,"column":null}},"7":{"start":{"line":29,"column":4},"end":{"line":29,"column":null}},"8":{"start":{"line":33,"column":4},"end":{"line":42,"column":null}},"9":{"start":{"line":34,"column":6},"end":{"line":42,"column":null}},"10":{"start":{"line":47,"column":4},"end":{"line":47,"column":null}}},"fnMap":{"0":{"name":"(anonymous_0)","decl":{"start":{"line":7,"column":2},"end":{"line":7,"column":14}},"loc":{"start":{"line":7,"column":41},"end":{"line":12,"column":null}},"line":7},"1":{"name":"(anonymous_1)","decl":{"start":{"line":15,"column":9},"end":{"line":15,"column":34}},"loc":{"start":{"line":15,"column":68},"end":{"line":19,"column":null}},"line":15},"2":{"name":"(anonymous_2)","decl":{"start":{"line":22,"column":2},"end":{"line":22,"column":20}},"loc":{"start":{"line":22,"column":62},"end":{"line":24,"column":null}},"line":22},"3":{"name":"(anonymous_3)","decl":{"start":{"line":27,"column":2},"end":{"line":27,"column":22}},"loc":{"start":{"line":27,"column":22},"end":{"line":29,"column":null}},"line":27},"4":{"name":"(anonymous_4)","decl":{"start":{"line":32,"column":2},"end":{"line":32,"column":11}},"loc":{"start":{"line":32,"column":11},"end":{"line":47,"column":null}},"line":32}},"branchMap":{"0":{"loc":{"start":{"line":33,"column":4},"end":{"line":42,"column":null}},"type":"if","locations":[{"start":{"line":33,"column":4},"end":{"line":42,"column":null}},{"start":{},"end":{}}],"line":33}},"s":{"0":1,"1":10,"2":10,"3":10,"4":5,"5":5,"6":1,"7":1,"8":20,"9":10,"10":10},"f":{"0":10,"1":8,"2":5,"3":1,"4":20},"b":{"0":[10,10]},"meta":{"lastBranch":1,"lastFunction":5,"lastStatement":11,"seen":{"s:27:2:29:Infinity":0,"f:7:2:7:14":0,"s:8:4:8:Infinity":1,"s:9:4:12:Infinity":2,"f:15:9:15:34":1,"s:16:4:19:Infinity":3,"f:22:2:22:20":2,"s:23:4:23:Infinity":4,"s:24:4:24:Infinity":5,"f:27:2:27:22":3,"s:28:4:28:Infinity":6,"s:29:4:29:Infinity":7,"f:32:2:32:11":4,"b:33:4:42:Infinity:undefined:undefined:undefined:undefined":0,"s:33:4:42:Infinity":8,"s:34:6:42:Infinity":9,"s:47:4:47:Infinity":10}}}
,"/Users/juliatimokhina/react2026Q2/src/components/Loader/Loader.tsx": {"path":"/Users/juliatimokhina/react2026Q2/src/components/Loader/Loader.tsx","statementMap":{"0":{"start":{"line":6,"column":4},"end":{"line":13,"column":null}}},"fnMap":{"0":{"name":"(anonymous_0)","decl":{"start":{"line":5,"column":2},"end":{"line":5,"column":11}},"loc":{"start":{"line":5,"column":11},"end":{"line":13,"column":null}},"line":5}},"branchMap":{},"s":{"0":8},"f":{"0":8},"b":{},"meta":{"lastBranch":0,"lastFunction":1,"lastStatement":1,"seen":{"f:5:2:5:11":0,"s:6:4:13:Infinity":0}}}
,"/Users/juliatimokhina/react2026Q2/src/components/Results/Results.tsx": {"path":"/Users/juliatimokhina/react2026Q2/src/components/Results/Results.tsx","statementMap":{"0":{"start":{"line":8,"column":27},"end":{"line":8,"column":null}},"1":{"start":{"line":10,"column":4},"end":{"line":28,"column":null}},"2":{"start":{"line":18,"column":14},"end":{"line":26,"column":null}}},"fnMap":{"0":{"name":"(anonymous_0)","decl":{"start":{"line":7,"column":2},"end":{"line":7,"column":11}},"loc":{"start":{"line":7,"column":11},"end":{"line":28,"column":null}},"line":7},"1":{"name":"(anonymous_1)","decl":{"start":{"line":17,"column":19},"end":{"line":17,"column":23}},"loc":{"start":{"line":18,"column":14},"end":{"line":26,"column":null}},"line":18}},"branchMap":{"0":{"loc":{"start":{"line":8,"column":12},"end":{"line":8,"column":22}},"type":"default-arg","locations":[{"start":{"line":8,"column":20},"end":{"line":8,"column":22}}],"line":8},"1":{"loc":{"start":{"line":13,"column":9},"end":{"line":28,"column":null}},"type":"cond-expr","locations":[{"start":{"line":14,"column":10},"end":{"line":16,"column":11}},{"start":{"line":16,"column":10},"end":{"line":28,"column":null}}],"line":13}},"s":{"0":14,"1":14,"2":14},"f":{"0":14,"1":14},"b":{"0":[14],"1":[6,8]},"meta":{"lastBranch":2,"lastFunction":2,"lastStatement":3,"seen":{"f:7:2:7:11":0,"s:8:27:8:Infinity":0,"b:8:20:8:22":0,"s:10:4:28:Infinity":1,"b:14:10:16:11:16:10:28:Infinity":1,"f:17:19:17:23":1,"s:18:14:26:Infinity":2}}}
,"/Users/juliatimokhina/react2026Q2/src/components/Search/Search.tsx": {"path":"/Users/juliatimokhina/react2026Q2/src/components/Search/Search.tsx","statementMap":{"0":{"start":{"line":18,"column":2},"end":{"line":19,"column":null}},"1":{"start":{"line":22,"column":2},"end":{"line":25,"column":null}},"2":{"start":{"line":29,"column":2},"end":{"line":38,"column":null}},"3":{"start":{"line":8,"column":4},"end":{"line":8,"column":null}},"4":{"start":{"line":10,"column":28},"end":{"line":10,"column":69}},"5":{"start":{"line":11,"column":25},"end":{"line":11,"column":null}},"6":{"start":{"line":13,"column":4},"end":{"line":15,"column":null}},"7":{"start":{"line":19,"column":4},"end":{"line":19,"column":null}},"8":{"start":{"line":23,"column":4},"end":{"line":25,"column":null}},"9":{"start":{"line":24,"column":6},"end":{"line":24,"column":null}},"10":{"start":{"line":25,"column":6},"end":{"line":25,"column":null}},"11":{"start":{"line":30,"column":25},"end":{"line":30,"column":53}},"12":{"start":{"line":32,"column":4},"end":{"line":35,"column":null}},"13":{"start":{"line":33,"column":6},"end":{"line":33,"column":null}},"14":{"start":{"line":35,"column":6},"end":{"line":35,"column":null}},"15":{"start":{"line":38,"column":4},"end":{"line":38,"column":null}},"16":{"start":{"line":42,"column":4},"end":{"line":52,"column":null}}},"fnMap":{"0":{"name":"(anonymous_0)","decl":{"start":{"line":7,"column":2},"end":{"line":7,"column":14}},"loc":{"start":{"line":7,"column":34},"end":{"line":15,"column":null}},"line":7},"1":{"name":"(anonymous_1)","decl":{"start":{"line":18,"column":2},"end":{"line":18,"column":23}},"loc":{"start":{"line":18,"column":70},"end":{"line":19,"column":null}},"line":18},"2":{"name":"(anonymous_2)","decl":{"start":{"line":22,"column":2},"end":{"line":22,"column":19}},"loc":{"start":{"line":22,"column":68},"end":{"line":25,"column":null}},"line":22},"3":{"name":"(anonymous_3)","decl":{"start":{"line":29,"column":2},"end":{"line":29,"column":23}},"loc":{"start":{"line":29,"column":23},"end":{"line":38,"column":null}},"line":29},"4":{"name":"(anonymous_4)","decl":{"start":{"line":41,"column":2},"end":{"line":41,"column":11}},"loc":{"start":{"line":41,"column":11},"end":{"line":52,"column":null}},"line":41}},"branchMap":{"0":{"loc":{"start":{"line":11,"column":25},"end":{"line":11,"column":null}},"type":"binary-expr","locations":[{"start":{"line":11,"column":25},"end":{"line":11,"column":44}},{"start":{"line":11,"column":44},"end":{"line":11,"column":71}},{"start":{"line":11,"column":71},"end":{"line":11,"column":null}}],"line":11},"1":{"loc":{"start":{"line":23,"column":4},"end":{"line":25,"column":null}},"type":"if","locations":[{"start":{"line":23,"column":4},"end":{"line":25,"column":null}},{"start":{},"end":{}}],"line":23},"2":{"loc":{"start":{"line":32,"column":4},"end":{"line":35,"column":null}},"type":"if","locations":[{"start":{"line":32,"column":4},"end":{"line":35,"column":null}},{"start":{"line":34,"column":11},"end":{"line":35,"column":null}}],"line":32}},"s":{"0":6,"1":1,"2":6,"3":13,"4":13,"5":13,"6":13,"7":6,"8":1,"9":1,"10":1,"11":6,"12":6,"13":4,"14":2,"15":6,"16":29},"f":{"0":13,"1":6,"2":1,"3":6,"4":29},"b":{"0":[13,11,11],"1":[1,0],"2":[4,2]},"meta":{"lastBranch":3,"lastFunction":5,"lastStatement":17,"seen":{"s:18:2:19:Infinity":0,"s:22:2:25:Infinity":1,"s:29:2:38:Infinity":2,"f:7:2:7:14":0,"s:8:4:8:Infinity":3,"s:10:28:10:69":4,"s:11:25:11:Infinity":5,"b:11:25:11:44:11:44:11:71:11:71:11:Infinity":0,"s:13:4:15:Infinity":6,"f:18:2:18:23":1,"s:19:4:19:Infinity":7,"f:22:2:22:19":2,"b:23:4:25:Infinity:undefined:undefined:undefined:undefined":1,"s:23:4:25:Infinity":8,"s:24:6:24:Infinity":9,"s:25:6:25:Infinity":10,"f:29:2:29:23":3,"s:30:25:30:53":11,"b:32:4:35:Infinity:34:11:35:Infinity":2,"s:32:4:35:Infinity":12,"s:33:6:33:Infinity":13,"s:35:6:35:Infinity":14,"s:38:4:38:Infinity":15,"f:41:2:41:11":4,"s:42:4:52:Infinity":16}}}
,"/Users/juliatimokhina/react2026Q2/src/layout/Header/Header.tsx": {"path":"/Users/juliatimokhina/react2026Q2/src/layout/Header/Header.tsx","statementMap":{"0":{"start":{"line":6,"column":4},"end":{"line":15,"column":null}}},"fnMap":{"0":{"name":"(anonymous_0)","decl":{"start":{"line":5,"column":2},"end":{"line":5,"column":11}},"loc":{"start":{"line":5,"column":11},"end":{"line":15,"column":null}},"line":5}},"branchMap":{},"s":{"0":15},"f":{"0":15},"b":{},"meta":{"lastBranch":0,"lastFunction":1,"lastStatement":1,"seen":{"f:5:2:5:11":0,"s:6:4:15:Infinity":0}}}
,"/Users/juliatimokhina/react2026Q2/src/layout/Main/Main.tsx": {"path":"/Users/juliatimokhina/react2026Q2/src/layout/Main/Main.tsx","statementMap":{"0":{"start":{"line":10,"column":4},"end":{"line":13,"column":null}}},"fnMap":{"0":{"name":"(anonymous_0)","decl":{"start":{"line":9,"column":2},"end":{"line":9,"column":11}},"loc":{"start":{"line":9,"column":11},"end":{"line":13,"column":null}},"line":9}},"branchMap":{},"s":{"0":15},"f":{"0":15},"b":{},"meta":{"lastBranch":0,"lastFunction":1,"lastStatement":1,"seen":{"f:9:2:9:11":0,"s:10:4:13:Infinity":0}}}
,"/Users/juliatimokhina/react2026Q2/src/services/api.ts": {"path":"/Users/juliatimokhina/react2026Q2/src/services/api.ts","statementMap":{"0":{"start":{"line":3,"column":17},"end":{"line":3,"column":null}},"1":{"start":{"line":5,"column":37},"end":{"line":5,"column":null}},"2":{"start":{"line":7,"column":28},"end":{"line":19,"column":null}},"3":{"start":{"line":8,"column":19},"end":{"line":8,"column":35}},"4":{"start":{"line":9,"column":30},"end":{"line":9,"column":51}},"5":{"start":{"line":11,"column":2},"end":{"line":19,"column":null}},"6":{"start":{"line":18,"column":31},"end":{"line":18,"column":null}},"7":{"start":{"line":22,"column":6},"end":{"line":27,"column":null}},"8":{"start":{"line":23,"column":8},"end":{"line":23,"column":47}},"9":{"start":{"line":24,"column":8},"end":{"line":24,"column":48}},"10":{"start":{"line":25,"column":16},"end":{"line":25,"column":58}},"11":{"start":{"line":25,"column":36},"end":{"line":25,"column":48}},"12":{"start":{"line":27,"column":2},"end":{"line":27,"column":null}},"13":{"start":{"line":30,"column":26},"end":{"line":83,"column":null}},"14":{"start":{"line":32,"column":4},"end":{"line":65,"column":null}},"15":{"start":{"line":33,"column":6},"end":{"line":34,"column":null}},"16":{"start":{"line":34,"column":8},"end":{"line":34,"column":null}},"17":{"start":{"line":37,"column":23},"end":{"line":37,"column":76}},"18":{"start":{"line":39,"column":6},"end":{"line":45,"column":null}},"19":{"start":{"line":40,"column":8},"end":{"line":45,"column":null}},"20":{"start":{"line":41,"column":10},"end":{"line":41,"column":null}},"21":{"start":{"line":42,"column":19},"end":{"line":45,"column":null}},"22":{"start":{"line":43,"column":10},"end":{"line":43,"column":null}},"23":{"start":{"line":45,"column":10},"end":{"line":45,"column":null}},"24":{"start":{"line":49,"column":40},"end":{"line":49,"column":61}},"25":{"start":{"line":51,"column":28},"end":{"line":54,"column":null}},"26":{"start":{"line":53,"column":10},"end":{"line":53,"column":null}},"27":{"start":{"line":57,"column":6},"end":{"line":57,"column":null}},"28":{"start":{"line":59,"column":6},"end":{"line":59,"column":null}},"29":{"start":{"line":61,"column":6},"end":{"line":61,"column":null}},"30":{"start":{"line":62,"column":6},"end":{"line":63,"column":null}},"31":{"start":{"line":63,"column":8},"end":{"line":63,"column":null}},"32":{"start":{"line":65,"column":6},"end":{"line":65,"column":null}},"33":{"start":{"line":71,"column":4},"end":{"line":72,"column":null}},"34":{"start":{"line":72,"column":6},"end":{"line":72,"column":null}},"35":{"start":{"line":75,"column":21},"end":{"line":75,"column":51}},"36":{"start":{"line":77,"column":21},"end":{"line":78,"column":null}},"37":{"start":{"line":78,"column":6},"end":{"line":78,"column":64}},"38":{"start":{"line":81,"column":4},"end":{"line":81,"column":null}}},"fnMap":{"0":{"name":"(anonymous_0)","decl":{"start":{"line":7,"column":28},"end":{"line":7,"column":35}},"loc":{"start":{"line":7,"column":66},"end":{"line":19,"column":null}},"line":7},"1":{"name":"(anonymous_1)","decl":{"start":{"line":18,"column":22},"end":{"line":18,"column":26}},"loc":{"start":{"line":18,"column":31},"end":{"line":18,"column":null}},"line":18},"2":{"name":"(anonymous_2)","decl":{"start":{"line":22,"column":6},"end":{"line":22,"column":31}},"loc":{"start":{"line":22,"column":63},"end":{"line":27,"column":null}},"line":22},"3":{"name":"(anonymous_3)","decl":{"start":{"line":25,"column":27},"end":{"line":25,"column":31}},"loc":{"start":{"line":25,"column":36},"end":{"line":25,"column":48}},"line":25},"4":{"name":"(anonymous_4)","decl":{"start":{"line":31,"column":15},"end":{"line":31,"column":44}},"loc":{"start":{"line":31,"column":44},"end":{"line":65,"column":null}},"line":31},"5":{"name":"(anonymous_5)","decl":{"start":{"line":52,"column":25},"end":{"line":52,"column":32}},"loc":{"start":{"line":52,"column":44},"end":{"line":54,"column":null}},"line":52},"6":{"name":"(anonymous_6)","decl":{"start":{"line":69,"column":15},"end":{"line":69,"column":22}},"loc":{"start":{"line":69,"column":62},"end":{"line":81,"column":null}},"line":69},"7":{"name":"(anonymous_7)","decl":{"start":{"line":77,"column":30},"end":{"line":77,"column":37}},"loc":{"start":{"line":78,"column":6},"end":{"line":78,"column":64}},"line":78}},"branchMap":{"0":{"loc":{"start":{"line":15,"column":11},"end":{"line":15,"column":null}},"type":"binary-expr","locations":[{"start":{"line":15,"column":11},"end":{"line":15,"column":70}},{"start":{"line":15,"column":70},"end":{"line":15,"column":null}}],"line":15},"1":{"loc":{"start":{"line":33,"column":6},"end":{"line":34,"column":null}},"type":"if","locations":[{"start":{"line":33,"column":6},"end":{"line":34,"column":null}},{"start":{},"end":{}}],"line":33},"2":{"loc":{"start":{"line":39,"column":6},"end":{"line":45,"column":null}},"type":"if","locations":[{"start":{"line":39,"column":6},"end":{"line":45,"column":null}},{"start":{},"end":{}}],"line":39},"3":{"loc":{"start":{"line":40,"column":8},"end":{"line":45,"column":null}},"type":"if","locations":[{"start":{"line":40,"column":8},"end":{"line":45,"column":null}},{"start":{"line":42,"column":19},"end":{"line":45,"column":null}}],"line":40},"4":{"loc":{"start":{"line":42,"column":19},"end":{"line":45,"column":null}},"type":"if","locations":[{"start":{"line":42,"column":19},"end":{"line":45,"column":null}},{"start":{"line":44,"column":15},"end":{"line":45,"column":null}}],"line":42},"5":{"loc":{"start":{"line":62,"column":6},"end":{"line":63,"column":null}},"type":"if","locations":[{"start":{"line":62,"column":6},"end":{"line":63,"column":null}},{"start":{},"end":{}}],"line":62},"6":{"loc":{"start":{"line":71,"column":4},"end":{"line":72,"column":null}},"type":"if","locations":[{"start":{"line":71,"column":4},"end":{"line":72,"column":null}},{"start":{},"end":{}}],"line":71}},"s":{"0":4,"1":4,"2":4,"3":2,"4":2,"5":2,"6":2,"7":4,"8":2,"9":2,"10":2,"11":2,"12":2,"13":4,"14":4,"15":4,"16":1,"17":3,"18":3,"19":1,"20":1,"21":0,"22":0,"23":0,"24":2,"25":2,"26":2,"27":2,"28":2,"29":1,"30":1,"31":1,"32":0,"33":1,"34":0,"35":1,"36":1,"37":2,"38":1},"f":{"0":2,"1":2,"2":2,"3":2,"4":4,"5":2,"6":1,"7":2},"b":{"0":[2,0],"1":[1,3],"2":[1,2],"3":[1,0],"4":[0,0],"5":[1,0],"6":[0,1]},"meta":{"lastBranch":7,"lastFunction":8,"lastStatement":39,"seen":{"s:3:17:3:Infinity":0,"s:5:37:5:Infinity":1,"s:7:28:19:Infinity":2,"f:7:28:7:35":0,"s:8:19:8:35":3,"s:9:30:9:51":4,"s:11:2:19:Infinity":5,"b:15:11:15:70:15:70:15:Infinity":0,"f:18:22:18:26":1,"s:18:31:18:Infinity":6,"s:22:6:27:Infinity":7,"f:22:6:22:31":2,"s:23:8:23:47":8,"s:24:8:24:48":9,"s:25:16:25:58":10,"f:25:27:25:31":3,"s:25:36:25:48":11,"s:27:2:27:Infinity":12,"s:30:26:83:Infinity":13,"f:31:15:31:44":4,"s:32:4:65:Infinity":14,"b:33:6:34:Infinity:undefined:undefined:undefined:undefined":1,"s:33:6:34:Infinity":15,"s:34:8:34:Infinity":16,"s:37:23:37:76":17,"b:39:6:45:Infinity:undefined:undefined:undefined:undefined":2,"s:39:6:45:Infinity":18,"b:40:8:45:Infinity:42:19:45:Infinity":3,"s:40:8:45:Infinity":19,"s:41:10:41:Infinity":20,"b:42:19:45:Infinity:44:15:45:Infinity":4,"s:42:19:45:Infinity":21,"s:43:10:43:Infinity":22,"s:45:10:45:Infinity":23,"s:49:40:49:61":24,"s:51:28:54:Infinity":25,"f:52:25:52:32":5,"s:53:10:53:Infinity":26,"s:57:6:57:Infinity":27,"s:59:6:59:Infinity":28,"s:61:6:61:Infinity":29,"b:62:6:63:Infinity:undefined:undefined:undefined:undefined":5,"s:62:6:63:Infinity":30,"s:63:8:63:Infinity":31,"s:65:6:65:Infinity":32,"f:69:15:69:22":6,"b:71:4:72:Infinity:undefined:undefined:undefined:undefined":6,"s:71:4:72:Infinity":33,"s:72:6:72:Infinity":34,"s:75:21:75:51":35,"s:77:21:78:Infinity":36,"f:77:30:77:37":7,"s:78:6:78:64":37,"s:81:4:81:Infinity":38}}}
,"/Users/juliatimokhina/react2026Q2/src/types/index.ts": {"path":"/Users/juliatimokhina/react2026Q2/src/types/index.ts","statementMap":{},"fnMap":{},"branchMap":{},"s":{},"f":{},"b":{},"meta":{"lastBranch":0,"lastFunction":0,"lastStatement":0,"seen":{}}}
}
