{"/Users/juliatimokhina/react2026Q2/src/components/Button/Button.tsx": {"path":"/Users/juliatimokhina/react2026Q2/src/components/Button/Button.tsx","statementMap":{"0":{"start":{"line":8,"column":6},"end":{"line":12,"column":null}},"1":{"start":{"line":9,"column":2},"end":{"line":12,"column":null}}},"fnMap":{"0":{"name":"(anonymous_0)","decl":{"start":{"line":8,"column":6},"end":{"line":8,"column":15}},"loc":{"start":{"line":8,"column":52},"end":{"line":12,"column":null}},"line":8}},"branchMap":{},"s":{"0":5,"1":34},"f":{"0":34},"b":{},"meta":{"lastBranch":0,"lastFunction":1,"lastStatement":2,"seen":{"s:8:6:12:Infinity":0,"f:8:6:8:15":0,"s:9:2:12:Infinity":1}}}
,"/Users/juliatimokhina/react2026Q2/src/components/Button/ErrorTestButton.tsx": {"path":"/Users/juliatimokhina/react2026Q2/src/components/Button/ErrorTestButton.tsx","statementMap":{"0":{"start":{"line":4,"column":6},"end":{"line":18,"column":null}},"1":{"start":{"line":5,"column":22},"end":{"line":5,"column":55}},"2":{"start":{"line":7,"column":2},"end":{"line":8,"column":null}},"3":{"start":{"line":8,"column":6},"end":{"line":8,"column":null}},"4":{"start":{"line":11,"column":8},"end":{"line":12,"column":null}},"5":{"start":{"line":12,"column":4},"end":{"line":12,"column":null}},"6":{"start":{"line":15,"column":2},"end":{"line":18,"column":null}}},"fnMap":{"0":{"name":"(anonymous_0)","decl":{"start":{"line":4,"column":6},"end":{"line":4,"column":30}},"loc":{"start":{"line":4,"column":30},"end":{"line":18,"column":null}},"line":4},"1":{"name":"(anonymous_1)","decl":{"start":{"line":11,"column":8},"end":{"line":11,"column":33}},"loc":{"start":{"line":11,"column":33},"end":{"line":12,"column":null}},"line":11}},"branchMap":{"0":{"loc":{"start":{"line":7,"column":2},"end":{"line":8,"column":null}},"type":"if","locations":[{"start":{"line":7,"column":2},"end":{"line":8,"column":null}},{"start":{},"end":{}}],"line":7}},"s":{"0":1,"1":8,"2":8,"3":4,"4":3,"5":2,"6":3},"f":{"0":8,"1":2},"b":{"0":[4,4]},"meta":{"lastBranch":1,"lastFunction":2,"lastStatement":7,"seen":{"s:4:6:18:Infinity":0,"f:4:6:4:30":0,"s:5:22:5:55":1,"b:7:2:8:Infinity:undefined:undefined:undefined:undefined":0,"s:7:2:8:Infinity":2,"s:8:6:8:Infinity":3,"s:11:8:12:Infinity":4,"f:11:8:11:33":1,"s:12:4:12:Infinity":5,"s:15:2:18:Infinity":6}}}
,"/Users/juliatimokhina/react2026Q2/src/components/Card/Card.tsx": {"path":"/Users/juliatimokhina/react2026Q2/src/components/Card/Card.tsx","statementMap":{"0":{"start":{"line":5,"column":6},"end":{"line":26,"column":null}},"1":{"start":{"line":6,"column":45},"end":{"line":25,"column":null}},"2":{"start":{"line":26,"column":6},"end":{"line":26,"column":null}},"3":{"start":{"line":29,"column":6},"end":{"line":68,"column":null}},"4":{"start":{"line":30,"column":21},"end":{"line":30,"column":null}},"5":{"start":{"line":31,"column":22},"end":{"line":31,"column":44}},"6":{"start":{"line":32,"column":10},"end":{"line":32,"column":76}},"7":{"start":{"line":32,"column":50},"end":{"line":32,"column":75}},"8":{"start":{"line":33,"column":10},"end":{"line":33,"column":75}},"9":{"start":{"line":33,"column":54},"end":{"line":33,"column":75}},"10":{"start":{"line":35,"column":10},"end":{"line":37,"column":null}},"11":{"start":{"line":36,"column":4},"end":{"line":36,"column":null}},"12":{"start":{"line":37,"column":4},"end":{"line":37,"column":null}},"13":{"start":{"line":40,"column":4},"end":{"line":68,"column":null}},"14":{"start":{"line":55,"column":30},"end":{"line":55,"column":49}},"15":{"start":{"line":62,"column":16},"end":{"line":64,"column":null}}},"fnMap":{"0":{"name":"(anonymous_0)","decl":{"start":{"line":5,"column":6},"end":{"line":5,"column":22}},"loc":{"start":{"line":5,"column":47},"end":{"line":26,"column":null}},"line":5},"1":{"name":"(anonymous_1)","decl":{"start":{"line":29,"column":6},"end":{"line":29,"column":14}},"loc":{"start":{"line":29,"column":68},"end":{"line":68,"column":null}},"line":29},"2":{"name":"(anonymous_2)","decl":{"start":{"line":32,"column":23},"end":{"line":32,"column":40}},"loc":{"start":{"line":32,"column":50},"end":{"line":32,"column":75}},"line":32},"3":{"name":"(anonymous_3)","decl":{"start":{"line":33,"column":27},"end":{"line":33,"column":44}},"loc":{"start":{"line":33,"column":54},"end":{"line":33,"column":75}},"line":33},"4":{"name":"(anonymous_4)","decl":{"start":{"line":35,"column":10},"end":{"line":35,"column":34}},"loc":{"start":{"line":35,"column":77},"end":{"line":37,"column":null}},"line":35},"5":{"name":"(anonymous_5)","decl":{"start":{"line":55,"column":14},"end":{"line":55,"column":24}},"loc":{"start":{"line":55,"column":30},"end":{"line":55,"column":49}},"line":55},"6":{"name":"(anonymous_6)","decl":{"start":{"line":61,"column":21},"end":{"line":61,"column":25}},"loc":{"start":{"line":62,"column":16},"end":{"line":64,"column":null}},"line":62}},"branchMap":{"0":{"loc":{"start":{"line":26,"column":13},"end":{"line":26,"column":null}},"type":"binary-expr","locations":[{"start":{"line":26,"column":13},"end":{"line":26,"column":29}},{"start":{"line":26,"column":29},"end":{"line":26,"column":null}}],"line":26},"1":{"loc":{"start":{"line":30,"column":21},"end":{"line":30,"column":null}},"type":"cond-expr","locations":[{"start":{"line":30,"column":49},"end":{"line":30,"column":60}},{"start":{"line":30,"column":60},"end":{"line":30,"column":null}}],"line":30},"2":{"loc":{"start":{"line":30,"column":21},"end":{"line":30,"column":49}},"type":"binary-expr","locations":[{"start":{"line":30,"column":21},"end":{"line":30,"column":30}},{"start":{"line":30,"column":30},"end":{"line":30,"column":49}}],"line":30},"3":{"loc":{"start":{"line":42,"column":9},"end":{"line":47,"column":9}},"type":"binary-expr","locations":[{"start":{"line":42,"column":9},"end":{"line":42,"column":null}},{"start":{"line":43,"column":10},"end":{"line":47,"column":9}}],"line":42},"4":{"loc":{"start":{"line":59,"column":11},"end":{"line":66,"column":null}},"type":"binary-expr","locations":[{"start":{"line":59,"column":11},"end":{"line":59,"column":20}},{"start":{"line":59,"column":20},"end":{"line":59,"column":null}},{"start":{"line":60,"column":12},"end":{"line":66,"column":null}}],"line":59}},"s":{"0":3,"1":136,"2":136,"3":3,"4":136,"5":136,"6":136,"7":448,"8":136,"9":448,"10":136,"11":0,"12":0,"13":136,"14":0,"15":136},"f":{"0":136,"1":136,"2":448,"3":448,"4":0,"5":0,"6":136},"b":{"0":[136,0],"1":[132,4],"2":[136,134],"3":[136,131],"4":[136,134,132]},"meta":{"lastBranch":5,"lastFunction":7,"lastStatement":16,"seen":{"s:5:6:26:Infinity":0,"f:5:6:5:22":0,"s:6:45:25:Infinity":1,"s:26:6:26:Infinity":2,"b:26:13:26:29:26:29:26:Infinity":0,"s:29:6:68:Infinity":3,"f:29:6:29:14":1,"s:30:21:30:Infinity":4,"b:30:49:30:60:30:60:30:Infinity":1,"b:30:21:30:30:30:30:30:49":2,"s:31:22:31:44":5,"s:32:10:32:76":6,"f:32:23:32:40":2,"s:32:50:32:75":7,"s:33:10:33:75":8,"f:33:27:33:44":3,"s:33:54:33:75":9,"s:35:10:37:Infinity":10,"f:35:10:35:34":4,"s:36:4:36:Infinity":11,"s:37:4:37:Infinity":12,"s:40:4:68:Infinity":13,"b:42:9:42:Infinity:43:10:47:9":3,"f:55:14:55:24":5,"s:55:30:55:49":14,"b:59:11:59:20:59:20:59:Infinity:60:12:66:Infinity":4,"f:61:21:61:25":6,"s:62:16:64:Infinity":15}}}
,"/Users/juliatimokhina/react2026Q2/src/components/ErrorBoundary/ErrorBoundary.tsx": {"path":"/Users/juliatimokhina/react2026Q2/src/components/ErrorBoundary/ErrorBoundary.tsx","statementMap":{"0":{"start":{"line":27,"column":2},"end":{"line":29,"column":null}},"1":{"start":{"line":8,"column":4},"end":{"line":8,"column":null}},"2":{"start":{"line":9,"column":4},"end":{"line":12,"column":null}},"3":{"start":{"line":16,"column":4},"end":{"line":19,"column":null}},"4":{"start":{"line":23,"column":4},"end":{"line":23,"column":null}},"5":{"start":{"line":24,"column":4},"end":{"line":24,"column":null}},"6":{"start":{"line":28,"column":4},"end":{"line":28,"column":null}},"7":{"start":{"line":29,"column":4},"end":{"line":29,"column":null}},"8":{"start":{"line":33,"column":4},"end":{"line":42,"column":null}},"9":{"start":{"line":34,"column":6},"end":{"line":42,"column":null}},"10":{"start":{"line":47,"column":4},"end":{"line":47,"column":null}}},"fnMap":{"0":{"name":"(anonymous_0)","decl":{"start":{"line":7,"column":2},"end":{"line":7,"column":14}},"loc":{"start":{"line":7,"column":41},"end":{"line":12,"column":null}},"line":7},"1":{"name":"(anonymous_1)","decl":{"start":{"line":15,"column":9},"end":{"line":15,"column":34}},"loc":{"start":{"line":15,"column":68},"end":{"line":19,"column":null}},"line":15},"2":{"name":"(anonymous_2)","decl":{"start":{"line":22,"column":2},"end":{"line":22,"column":20}},"loc":{"start":{"line":22,"column":62},"end":{"line":24,"column":null}},"line":22},"3":{"name":"(anonymous_3)","decl":{"start":{"line":27,"column":2},"end":{"line":27,"column":22}},"loc":{"start":{"line":27,"column":22},"end":{"line":29,"column":null}},"line":27},"4":{"name":"(anonymous_4)","decl":{"start":{"line":32,"column":2},"end":{"line":32,"column":11}},"loc":{"start":{"line":32,"column":11},"end":{"line":47,"column":null}},"line":32}},"branchMap":{"0":{"loc":{"start":{"line":33,"column":4},"end":{"line":42,"column":null}},"type":"if","locations":[{"start":{"line":33,"column":4},"end":{"line":42,"column":null}},{"start":{},"end":{}}],"line":33}},"s":{"0":1,"1":10,"2":10,"3":10,"4":5,"5":5,"6":1,"7":1,"8":20,"9":10,"10":10},"f":{"0":10,"1":8,"2":5,"3":1,"4":20},"b":{"0":[10,10]},"meta":{"lastBranch":1,"lastFunction":5,"lastStatement":11,"seen":{"s:27:2:29:Infinity":0,"f:7:2:7:14":0,"s:8:4:8:Infinity":1,"s:9:4:12:Infinity":2,"f:15:9:15:34":1,"s:16:4:19:Infinity":3,"f:22:2:22:20":2,"s:23:4:23:Infinity":4,"s:24:4:24:Infinity":5,"f:27:2:27:22":3,"s:28:4:28:Infinity":6,"s:29:4:29:Infinity":7,"f:32:2:32:11":4,"b:33:4:42:Infinity:undefined:undefined:undefined:undefined":0,"s:33:4:42:Infinity":8,"s:34:6:42:Infinity":9,"s:47:4:47:Infinity":10}}}
,"/Users/juliatimokhina/react2026Q2/src/components/Flyout/Flyout.tsx": {"path":"/Users/juliatimokhina/react2026Q2/src/components/Flyout/Flyout.tsx","statementMap":{"0":{"start":{"line":5,"column":6},"end":{"line":56,"column":null}},"1":{"start":{"line":6,"column":8},"end":{"line":6,"column":67}},"2":{"start":{"line":6,"column":49},"end":{"line":6,"column":67}},"3":{"start":{"line":7,"column":8},"end":{"line":7,"column":71}},"4":{"start":{"line":7,"column":51},"end":{"line":7,"column":71}},"5":{"start":{"line":8,"column":10},"end":{"line":8,"column":45}},"6":{"start":{"line":9,"column":19},"end":{"line":9,"column":36}},"7":{"start":{"line":10,"column":24},"end":{"line":10,"column":null}},"8":{"start":{"line":12,"column":2},"end":{"line":12,"column":null}},"9":{"start":{"line":12,"column":27},"end":{"line":12,"column":null}},"10":{"start":{"line":14,"column":8},"end":{"line":15,"column":null}},"11":{"start":{"line":15,"column":4},"end":{"line":15,"column":null}},"12":{"start":{"line":18,"column":8},"end":{"line":40,"column":null}},"13":{"start":{"line":19,"column":29},"end":{"line":19,"column":80}},"14":{"start":{"line":19,"column":55},"end":{"line":19,"column":79}},"15":{"start":{"line":20,"column":4},"end":{"line":20,"column":null}},"16":{"start":{"line":20,"column":39},"end":{"line":20,"column":null}},"17":{"start":{"line":22,"column":20},"end":{"line":22,"column":null}},"18":{"start":{"line":23,"column":17},"end":{"line":29,"column":6}},"19":{"start":{"line":23,"column":45},"end":{"line":29,"column":6}},"20":{"start":{"line":30,"column":23},"end":{"line":30,"column":78}},"21":{"start":{"line":30,"column":53},"end":{"line":30,"column":66}},"22":{"start":{"line":32,"column":17},"end":{"line":32,"column":76}},"23":{"start":{"line":33,"column":17},"end":{"line":33,"column":44}},"24":{"start":{"line":34,"column":16},"end":{"line":34,"column":41}},"25":{"start":{"line":35,"column":4},"end":{"line":35,"column":null}},"26":{"start":{"line":36,"column":4},"end":{"line":36,"column":null}},"27":{"start":{"line":37,"column":4},"end":{"line":37,"column":null}},"28":{"start":{"line":38,"column":4},"end":{"line":38,"column":null}},"29":{"start":{"line":39,"column":4},"end":{"line":39,"column":null}},"30":{"start":{"line":40,"column":4},"end":{"line":40,"column":null}},"31":{"start":{"line":43,"column":2},"end":{"line":56,"column":null}}},"fnMap":{"0":{"name":"(anonymous_0)","decl":{"start":{"line":5,"column":6},"end":{"line":5,"column":21}},"loc":{"start":{"line":5,"column":21},"end":{"line":56,"column":null}},"line":5},"1":{"name":"(anonymous_1)","decl":{"start":{"line":6,"column":22},"end":{"line":6,"column":39}},"loc":{"start":{"line":6,"column":49},"end":{"line":6,"column":67}},"line":6},"2":{"name":"(anonymous_2)","decl":{"start":{"line":7,"column":24},"end":{"line":7,"column":41}},"loc":{"start":{"line":7,"column":51},"end":{"line":7,"column":71}},"line":7},"3":{"name":"(anonymous_3)","decl":{"start":{"line":14,"column":8},"end":{"line":14,"column":34}},"loc":{"start":{"line":14,"column":34},"end":{"line":15,"column":null}},"line":14},"4":{"name":"(anonymous_4)","decl":{"start":{"line":18,"column":8},"end":{"line":18,"column":31}},"loc":{"start":{"line":18,"column":31},"end":{"line":40,"column":null}},"line":18},"5":{"name":"(anonymous_5)","decl":{"start":{"line":19,"column":38},"end":{"line":19,"column":46}},"loc":{"start":{"line":19,"column":55},"end":{"line":19,"column":79}},"line":19},"6":{"name":"(anonymous_6)","decl":{"start":{"line":23,"column":34},"end":{"line":23,"column":39}},"loc":{"start":{"line":23,"column":45},"end":{"line":29,"column":6}},"line":23},"7":{"name":"(anonymous_7)","decl":{"start":{"line":30,"column":42},"end":{"line":30,"column":46}},"loc":{"start":{"line":30,"column":53},"end":{"line":30,"column":66}},"line":30}},"branchMap":{"0":{"loc":{"start":{"line":9,"column":19},"end":{"line":9,"column":36}},"type":"binary-expr","locations":[{"start":{"line":9,"column":19},"end":{"line":9,"column":34}},{"start":{"line":9,"column":34},"end":{"line":9,"column":36}}],"line":9},"1":{"loc":{"start":{"line":12,"column":2},"end":{"line":12,"column":null}},"type":"if","locations":[{"start":{"line":12,"column":2},"end":{"line":12,"column":null}},{"start":{},"end":{}}],"line":12},"2":{"loc":{"start":{"line":20,"column":4},"end":{"line":20,"column":null}},"type":"if","locations":[{"start":{"line":20,"column":4},"end":{"line":20,"column":null}},{"start":{},"end":{}}],"line":20},"3":{"loc":{"start":{"line":26,"column":6},"end":{"line":26,"column":null}},"type":"binary-expr","locations":[{"start":{"line":26,"column":6},"end":{"line":26,"column":18}},{"start":{"line":26,"column":18},"end":{"line":26,"column":null}}],"line":26},"4":{"loc":{"start":{"line":27,"column":6},"end":{"line":27,"column":null}},"type":"binary-expr","locations":[{"start":{"line":27,"column":6},"end":{"line":27,"column":18}},{"start":{"line":27,"column":18},"end":{"line":27,"column":null}}],"line":27},"5":{"loc":{"start":{"line":28,"column":6},"end":{"line":28,"column":null}},"type":"binary-expr","locations":[{"start":{"line":28,"column":6},"end":{"line":28,"column":25}},{"start":{"line":28,"column":29},"end":{"line":28,"column":null}}],"line":28}},"s":{"0":1,"1":5,"2":15,"3":5,"4":15,"5":5,"6":5,"7":5,"8":5,"9":1,"10":4,"11":1,"12":4,"13":2,"14":3,"15":2,"16":1,"17":1,"18":1,"19":2,"20":1,"21":3,"22":1,"23":1,"24":1,"25":1,"26":1,"27":1,"28":1,"29":1,"30":1,"31":4},"f":{"0":5,"1":15,"2":15,"3":1,"4":2,"5":3,"6":2,"7":3},"b":{"0":[5,0],"1":[1,4],"2":[1,1],"3":[2,0],"4":[2,0],"5":[2,0]},"meta":{"lastBranch":6,"lastFunction":8,"lastStatement":32,"seen":{"s:5:6:56:Infinity":0,"f:5:6:5:21":0,"s:6:8:6:67":1,"f:6:22:6:39":1,"s:6:49:6:67":2,"s:7:8:7:71":3,"f:7:24:7:41":2,"s:7:51:7:71":4,"s:8:10:8:45":5,"s:9:19:9:36":6,"b:9:19:9:34:9:34:9:36":0,"s:10:24:10:Infinity":7,"b:12:2:12:Infinity:undefined:undefined:undefined:undefined":1,"s:12:2:12:Infinity":8,"s:12:27:12:Infinity":9,"s:14:8:15:Infinity":10,"f:14:8:14:34":3,"s:15:4:15:Infinity":11,"s:18:8:40:Infinity":12,"f:18:8:18:31":4,"s:19:29:19:80":13,"f:19:38:19:46":5,"s:19:55:19:79":14,"b:20:4:20:Infinity:undefined:undefined:undefined:undefined":2,"s:20:4:20:Infinity":15,"s:20:39:20:Infinity":16,"s:22:20:22:Infinity":17,"s:23:17:29:6":18,"f:23:34:23:39":6,"s:23:45:29:6":19,"b:26:6:26:18:26:18:26:Infinity":3,"b:27:6:27:18:27:18:27:Infinity":4,"b:28:6:28:25:28:29:28:Infinity":5,"s:30:23:30:78":20,"f:30:42:30:46":7,"s:30:53:30:66":21,"s:32:17:32:76":22,"s:33:17:33:44":23,"s:34:16:34:41":24,"s:35:4:35:Infinity":25,"s:36:4:36:Infinity":26,"s:37:4:37:Infinity":27,"s:38:4:38:Infinity":28,"s:39:4:39:Infinity":29,"s:40:4:40:Infinity":30,"s:43:2:56:Infinity":31}}}
,"/Users/juliatimokhina/react2026Q2/src/components/Loader/Loader.tsx": {"path":"/Users/juliatimokhina/react2026Q2/src/components/Loader/Loader.tsx","statementMap":{"0":{"start":{"line":3,"column":6},"end":{"line":11,"column":null}},"1":{"start":{"line":4,"column":2},"end":{"line":11,"column":null}}},"fnMap":{"0":{"name":"(anonymous_0)","decl":{"start":{"line":3,"column":6},"end":{"line":3,"column":21}},"loc":{"start":{"line":3,"column":21},"end":{"line":11,"column":null}},"line":3}},"branchMap":{},"s":{"0":2,"1":3},"f":{"0":3},"b":{},"meta":{"lastBranch":0,"lastFunction":1,"lastStatement":2,"seen":{"s:3:6:11:Infinity":0,"f:3:6:3:21":0,"s:4:2:11:Infinity":1}}}
,"/Users/juliatimokhina/react2026Q2/src/components/Pagination/Pagination.tsx": {"path":"/Users/juliatimokhina/react2026Q2/src/components/Pagination/Pagination.tsx","statementMap":{"0":{"start":{"line":9,"column":6},"end":{"line":61,"column":null}},"1":{"start":{"line":10,"column":8},"end":{"line":16,"column":null}},"2":{"start":{"line":11,"column":18},"end":{"line":11,"column":null}},"3":{"start":{"line":12,"column":28},"end":{"line":12,"column":30}},"4":{"start":{"line":13,"column":4},"end":{"line":14,"column":null}},"5":{"start":{"line":13,"column":17},"end":{"line":13,"column":49}},"6":{"start":{"line":14,"column":6},"end":{"line":14,"column":null}},"7":{"start":{"line":16,"column":4},"end":{"line":16,"column":null}},"8":{"start":{"line":19,"column":23},"end":{"line":19,"column":40}},"9":{"start":{"line":21,"column":2},"end":{"line":61,"column":null}},"10":{"start":{"line":25,"column":23},"end":{"line":25,"column":52}},"11":{"start":{"line":33,"column":59},"end":{"line":33,"column":74}},"12":{"start":{"line":39,"column":8},"end":{"line":45,"column":null}},"13":{"start":{"line":42,"column":25},"end":{"line":42,"column":43}},"14":{"start":{"line":51,"column":59},"end":{"line":51,"column":83}},"15":{"start":{"line":57,"column":23},"end":{"line":57,"column":52}}},"fnMap":{"0":{"name":"(anonymous_0)","decl":{"start":{"line":9,"column":6},"end":{"line":9,"column":20}},"loc":{"start":{"line":9,"column":83},"end":{"line":61,"column":null}},"line":9},"1":{"name":"(anonymous_1)","decl":{"start":{"line":10,"column":8},"end":{"line":10,"column":32}},"loc":{"start":{"line":10,"column":32},"end":{"line":16,"column":null}},"line":10},"2":{"name":"(anonymous_2)","decl":{"start":{"line":25,"column":8},"end":{"line":25,"column":23}},"loc":{"start":{"line":25,"column":23},"end":{"line":25,"column":52}},"line":25},"3":{"name":"(anonymous_3)","decl":{"start":{"line":33,"column":44},"end":{"line":33,"column":59}},"loc":{"start":{"line":33,"column":59},"end":{"line":33,"column":74}},"line":33},"4":{"name":"(anonymous_4)","decl":{"start":{"line":38,"column":20},"end":{"line":38,"column":24}},"loc":{"start":{"line":39,"column":8},"end":{"line":45,"column":null}},"line":39},"5":{"name":"(anonymous_5)","decl":{"start":{"line":42,"column":10},"end":{"line":42,"column":25}},"loc":{"start":{"line":42,"column":25},"end":{"line":42,"column":43}},"line":42},"6":{"name":"(anonymous_6)","decl":{"start":{"line":51,"column":44},"end":{"line":51,"column":59}},"loc":{"start":{"line":51,"column":59},"end":{"line":51,"column":83}},"line":51},"7":{"name":"(anonymous_7)","decl":{"start":{"line":57,"column":8},"end":{"line":57,"column":23}},"loc":{"start":{"line":57,"column":23},"end":{"line":57,"column":52}},"line":57}},"branchMap":{"0":{"loc":{"start":{"line":31,"column":7},"end":{"line":35,"column":null}},"type":"binary-expr","locations":[{"start":{"line":31,"column":7},"end":{"line":31,"column":null}},{"start":{"line":32,"column":8},"end":{"line":35,"column":null}}],"line":31},"1":{"loc":{"start":{"line":34,"column":11},"end":{"line":35,"column":null}},"type":"binary-expr","locations":[{"start":{"line":34,"column":11},"end":{"line":34,"column":34}},{"start":{"line":34,"column":34},"end":{"line":35,"column":null}}],"line":34},"2":{"loc":{"start":{"line":41,"column":41},"end":{"line":41,"column":null}},"type":"cond-expr","locations":[{"start":{"line":41,"column":64},"end":{"line":41,"column":80}},{"start":{"line":41,"column":80},"end":{"line":41,"column":null}}],"line":41},"3":{"loc":{"start":{"line":48,"column":7},"end":{"line":52,"column":null}},"type":"binary-expr","locations":[{"start":{"line":48,"column":7},"end":{"line":48,"column":null}},{"start":{"line":49,"column":8},"end":{"line":52,"column":null}}],"line":48},"4":{"loc":{"start":{"line":50,"column":11},"end":{"line":51,"column":11}},"type":"binary-expr","locations":[{"start":{"line":50,"column":11},"end":{"line":50,"column":69}},{"start":{"line":50,"column":69},"end":{"line":51,"column":11}}],"line":50}},"s":{"0":2,"1":11,"2":11,"3":11,"4":11,"5":11,"6":43,"7":11,"8":11,"9":11,"10":1,"11":0,"12":43,"13":1,"14":0,"15":2},"f":{"0":11,"1":11,"2":1,"3":0,"4":43,"5":1,"6":0,"7":2},"b":{"0":[11,2],"1":[2,2],"2":[11,32],"3":[11,10],"4":[10,10]},"meta":{"lastBranch":5,"lastFunction":8,"lastStatement":16,"seen":{"s:9:6:61:Infinity":0,"f:9:6:9:20":0,"s:10:8:16:Infinity":1,"f:10:8:10:32":1,"s:11:18:11:Infinity":2,"s:12:28:12:30":3,"s:13:4:14:Infinity":4,"s:13:17:13:49":5,"s:14:6:14:Infinity":6,"s:16:4:16:Infinity":7,"s:19:23:19:40":8,"s:21:2:61:Infinity":9,"f:25:8:25:23":2,"s:25:23:25:52":10,"b:31:7:31:Infinity:32:8:35:Infinity":0,"f:33:44:33:59":3,"s:33:59:33:74":11,"b:34:11:34:34:34:34:35:Infinity":1,"f:38:20:38:24":4,"s:39:8:45:Infinity":12,"b:41:64:41:80:41:80:41:Infinity":2,"f:42:10:42:25":5,"s:42:25:42:43":13,"b:48:7:48:Infinity:49:8:52:Infinity":3,"b:50:11:50:69:50:69:51:11":4,"f:51:44:51:59":6,"s:51:59:51:83":14,"f:57:8:57:23":7,"s:57:23:57:52":15}}}
,"/Users/juliatimokhina/react2026Q2/src/components/Results/Results.tsx": {"path":"/Users/juliatimokhina/react2026Q2/src/components/Results/Results.tsx","statementMap":{"0":{"start":{"line":6,"column":6},"end":{"line":31,"column":null}},"1":{"start":{"line":7,"column":4},"end":{"line":31,"column":null}},"2":{"start":{"line":15,"column":14},"end":{"line":29,"column":null}}},"fnMap":{"0":{"name":"(anonymous_0)","decl":{"start":{"line":6,"column":6},"end":{"line":6,"column":17}},"loc":{"start":{"line":6,"column":67},"end":{"line":31,"column":null}},"line":6},"1":{"name":"(anonymous_1)","decl":{"start":{"line":14,"column":19},"end":{"line":14,"column":23}},"loc":{"start":{"line":15,"column":14},"end":{"line":29,"column":null}},"line":15}},"branchMap":{"0":{"loc":{"start":{"line":6,"column":19},"end":{"line":6,"column":29}},"type":"default-arg","locations":[{"start":{"line":6,"column":27},"end":{"line":6,"column":29}}],"line":6},"1":{"loc":{"start":{"line":6,"column":31},"end":{"line":6,"column":67}},"type":"default-arg","locations":[{"start":{"line":6,"column":45},"end":{"line":6,"column":67}}],"line":6},"2":{"loc":{"start":{"line":10,"column":9},"end":{"line":31,"column":null}},"type":"cond-expr","locations":[{"start":{"line":11,"column":10},"end":{"line":13,"column":11}},{"start":{"line":13,"column":10},"end":{"line":31,"column":null}}],"line":10}},"s":{"0":2,"1":12,"2":127},"f":{"0":12,"1":127},"b":{"0":[12],"1":[12],"2":[2,10]},"meta":{"lastBranch":3,"lastFunction":2,"lastStatement":3,"seen":{"s:6:6:31:Infinity":0,"f:6:6:6:17":0,"b:6:27:6:29":0,"b:6:45:6:67":1,"s:7:4:31:Infinity":1,"b:11:10:13:11:13:10:31:Infinity":2,"f:14:19:14:23":1,"s:15:14:29:Infinity":2}}}
,"/Users/juliatimokhina/react2026Q2/src/components/Search/Search.tsx": {"path":"/Users/juliatimokhina/react2026Q2/src/components/Search/Search.tsx","statementMap":{"0":{"start":{"line":6,"column":6},"end":{"line":36,"column":null}},"1":{"start":{"line":8,"column":21},"end":{"line":8,"column":60}},"2":{"start":{"line":10,"column":8},"end":{"line":11,"column":null}},"3":{"start":{"line":11,"column":4},"end":{"line":11,"column":null}},"4":{"start":{"line":14,"column":8},"end":{"line":17,"column":null}},"5":{"start":{"line":15,"column":4},"end":{"line":17,"column":null}},"6":{"start":{"line":16,"column":6},"end":{"line":16,"column":null}},"7":{"start":{"line":17,"column":6},"end":{"line":17,"column":null}},"8":{"start":{"line":21,"column":8},"end":{"line":23,"column":null}},"9":{"start":{"line":22,"column":25},"end":{"line":22,"column":42}},"10":{"start":{"line":23,"column":4},"end":{"line":23,"column":null}},"11":{"start":{"line":26,"column":2},"end":{"line":36,"column":null}}},"fnMap":{"0":{"name":"(anonymous_0)","decl":{"start":{"line":6,"column":6},"end":{"line":6,"column":16}},"loc":{"start":{"line":6,"column":63},"end":{"line":36,"column":null}},"line":6},"1":{"name":"(anonymous_1)","decl":{"start":{"line":10,"column":8},"end":{"line":10,"column":29}},"loc":{"start":{"line":10,"column":76},"end":{"line":11,"column":null}},"line":10},"2":{"name":"(anonymous_2)","decl":{"start":{"line":14,"column":8},"end":{"line":14,"column":25}},"loc":{"start":{"line":14,"column":74},"end":{"line":17,"column":null}},"line":14},"3":{"name":"(anonymous_3)","decl":{"start":{"line":21,"column":8},"end":{"line":21,"column":29}},"loc":{"start":{"line":21,"column":29},"end":{"line":23,"column":null}},"line":21}},"branchMap":{"0":{"loc":{"start":{"line":6,"column":27},"end":{"line":6,"column":63}},"type":"default-arg","locations":[{"start":{"line":6,"column":42},"end":{"line":6,"column":63}}],"line":6},"1":{"loc":{"start":{"line":15,"column":4},"end":{"line":17,"column":null}},"type":"if","locations":[{"start":{"line":15,"column":4},"end":{"line":17,"column":null}},{"start":{},"end":{}}],"line":15}},"s":{"0":2,"1":22,"2":22,"3":10,"4":22,"5":8,"6":1,"7":1,"8":22,"9":4,"10":4,"11":22},"f":{"0":22,"1":10,"2":8,"3":4},"b":{"0":[22],"1":[1,7]},"meta":{"lastBranch":2,"lastFunction":4,"lastStatement":12,"seen":{"s:6:6:36:Infinity":0,"f:6:6:6:16":0,"b:6:42:6:63":0,"s:8:21:8:60":1,"s:10:8:11:Infinity":2,"f:10:8:10:29":1,"s:11:4:11:Infinity":3,"s:14:8:17:Infinity":4,"f:14:8:14:25":2,"b:15:4:17:Infinity:undefined:undefined:undefined:undefined":1,"s:15:4:17:Infinity":5,"s:16:6:16:Infinity":6,"s:17:6:17:Infinity":7,"s:21:8:23:Infinity":8,"f:21:8:21:29":3,"s:22:25:22:42":9,"s:23:4:23:Infinity":10,"s:26:2:36:Infinity":11}}}
,"/Users/juliatimokhina/react2026Q2/src/components/ThemeSwitcher/ThemeSwitcher.tsx": {"path":"/Users/juliatimokhina/react2026Q2/src/components/ThemeSwitcher/ThemeSwitcher.tsx","statementMap":{"0":{"start":{"line":4,"column":6},"end":{"line":10,"column":null}},"1":{"start":{"line":5,"column":17},"end":{"line":5,"column":43}},"2":{"start":{"line":7,"column":2},"end":{"line":10,"column":null}}},"fnMap":{"0":{"name":"(anonymous_0)","decl":{"start":{"line":4,"column":6},"end":{"line":4,"column":28}},"loc":{"start":{"line":4,"column":28},"end":{"line":10,"column":null}},"line":4}},"branchMap":{"0":{"loc":{"start":{"line":9,"column":7},"end":{"line":9,"column":null}},"type":"cond-expr","locations":[{"start":{"line":9,"column":27},"end":{"line":9,"column":39}},{"start":{"line":9,"column":39},"end":{"line":9,"column":null}}],"line":9}},"s":{"0":1,"1":1,"2":1},"f":{"0":1},"b":{"0":[1,0]},"meta":{"lastBranch":1,"lastFunction":1,"lastStatement":3,"seen":{"s:4:6:10:Infinity":0,"f:4:6:4:28":0,"s:5:17:5:43":1,"s:7:2:10:Infinity":2,"b:9:27:9:39:9:39:9:Infinity":0}}}
,"/Users/juliatimokhina/react2026Q2/src/context/ThemeContext.tsx": {"path":"/Users/juliatimokhina/react2026Q2/src/context/ThemeContext.tsx","statementMap":{"0":{"start":{"line":10,"column":13},"end":{"line":10,"column":82}},"1":{"start":{"line":12,"column":13},"end":{"line":17,"column":null}},"2":{"start":{"line":13,"column":8},"end":{"line":13,"column":42}},"3":{"start":{"line":14,"column":2},"end":{"line":15,"column":null}},"4":{"start":{"line":15,"column":4},"end":{"line":15,"column":null}},"5":{"start":{"line":17,"column":2},"end":{"line":17,"column":null}}},"fnMap":{"0":{"name":"(anonymous_0)","decl":{"start":{"line":12,"column":13},"end":{"line":12,"column":30}},"loc":{"start":{"line":12,"column":30},"end":{"line":17,"column":null}},"line":12}},"branchMap":{"0":{"loc":{"start":{"line":14,"column":2},"end":{"line":15,"column":null}},"type":"if","locations":[{"start":{"line":14,"column":2},"end":{"line":15,"column":null}},{"start":{},"end":{}}],"line":14}},"s":{"0":2,"1":2,"2":4,"3":4,"4":0,"5":4},"f":{"0":4},"b":{"0":[0,4]},"meta":{"lastBranch":1,"lastFunction":1,"lastStatement":6,"seen":{"s:10:13:10:82":0,"s:12:13:17:Infinity":1,"f:12:13:12:30":0,"s:13:8:13:42":2,"b:14:2:15:Infinity:undefined:undefined:undefined:undefined":0,"s:14:2:15:Infinity":3,"s:15:4:15:Infinity":4,"s:17:2:17:Infinity":5}}}
,"/Users/juliatimokhina/react2026Q2/src/context/ThemeProvider.tsx": {"path":"/Users/juliatimokhina/react2026Q2/src/context/ThemeProvider.tsx","statementMap":{"0":{"start":{"line":4,"column":6},"end":{"line":10,"column":null}},"1":{"start":{"line":5,"column":21},"end":{"line":5,"column":50}},"2":{"start":{"line":6,"column":2},"end":{"line":7,"column":null}},"3":{"start":{"line":7,"column":4},"end":{"line":7,"column":null}},"4":{"start":{"line":9,"column":22},"end":{"line":9,"column":null}},"5":{"start":{"line":10,"column":2},"end":{"line":10,"column":null}},"6":{"start":{"line":13,"column":13},"end":{"line":28,"column":null}},"7":{"start":{"line":14,"column":16},"end":{"line":14,"column":60}},"8":{"start":{"line":16,"column":2},"end":{"line":19,"column":null}},"9":{"start":{"line":17,"column":4},"end":{"line":17,"column":null}},"10":{"start":{"line":18,"column":4},"end":{"line":18,"column":null}},"11":{"start":{"line":21,"column":8},"end":{"line":22,"column":null}},"12":{"start":{"line":22,"column":4},"end":{"line":22,"column":null}},"13":{"start":{"line":22,"column":24},"end":{"line":22,"column":61}},"14":{"start":{"line":25,"column":2},"end":{"line":28,"column":null}}},"fnMap":{"0":{"name":"(anonymous_0)","decl":{"start":{"line":4,"column":6},"end":{"line":4,"column":37}},"loc":{"start":{"line":4,"column":37},"end":{"line":10,"column":null}},"line":4},"1":{"name":"(anonymous_1)","decl":{"start":{"line":13,"column":13},"end":{"line":13,"column":30}},"loc":{"start":{"line":13,"column":72},"end":{"line":28,"column":null}},"line":13},"2":{"name":"(anonymous_2)","decl":{"start":{"line":16,"column":2},"end":{"line":16,"column":18}},"loc":{"start":{"line":16,"column":18},"end":{"line":19,"column":6}},"line":16},"3":{"name":"(anonymous_3)","decl":{"start":{"line":21,"column":8},"end":{"line":21,"column":28}},"loc":{"start":{"line":21,"column":28},"end":{"line":22,"column":null}},"line":21},"4":{"name":"(anonymous_4)","decl":{"start":{"line":22,"column":4},"end":{"line":22,"column":14}},"loc":{"start":{"line":22,"column":24},"end":{"line":22,"column":61}},"line":22}},"branchMap":{"0":{"loc":{"start":{"line":6,"column":2},"end":{"line":7,"column":null}},"type":"if","locations":[{"start":{"line":6,"column":2},"end":{"line":7,"column":null}},{"start":{},"end":{}}],"line":6},"1":{"loc":{"start":{"line":6,"column":6},"end":{"line":6,"column":71}},"type":"binary-expr","locations":[{"start":{"line":6,"column":6},"end":{"line":6,"column":21}},{"start":{"line":6,"column":21},"end":{"line":6,"column":47}},{"start":{"line":6,"column":47},"end":{"line":6,"column":71}}],"line":6},"2":{"loc":{"start":{"line":10,"column":9},"end":{"line":10,"column":null}},"type":"cond-expr","locations":[{"start":{"line":10,"column":23},"end":{"line":10,"column":32}},{"start":{"line":10,"column":32},"end":{"line":10,"column":null}}],"line":10},"3":{"loc":{"start":{"line":22,"column":24},"end":{"line":22,"column":61}},"type":"cond-expr","locations":[{"start":{"line":22,"column":43},"end":{"line":22,"column":52}},{"start":{"line":22,"column":52},"end":{"line":22,"column":61}}],"line":22}},"s":{"0":2,"1":3,"2":3,"3":1,"4":2,"5":2,"6":2,"7":4,"8":4,"9":4,"10":4,"11":4,"12":1,"13":1,"14":4},"f":{"0":3,"1":4,"2":4,"3":1,"4":1},"b":{"0":[1,2],"1":[3,1,1],"2":[0,2],"3":[1,0]},"meta":{"lastBranch":4,"lastFunction":5,"lastStatement":15,"seen":{"s:4:6:10:Infinity":0,"f:4:6:4:37":0,"s:5:21:5:50":1,"b:6:2:7:Infinity:undefined:undefined:undefined:undefined":0,"s:6:2:7:Infinity":2,"b:6:6:6:21:6:21:6:47:6:47:6:71":1,"s:7:4:7:Infinity":3,"s:9:22:9:Infinity":4,"s:10:2:10:Infinity":5,"b:10:23:10:32:10:32:10:Infinity":2,"s:13:13:28:Infinity":6,"f:13:13:13:30":1,"s:14:16:14:60":7,"s:16:2:19:Infinity":8,"f:16:2:16:18":2,"s:17:4:17:Infinity":9,"s:18:4:18:Infinity":10,"s:21:8:22:Infinity":11,"f:21:8:21:28":3,"s:22:4:22:Infinity":12,"f:22:4:22:14":4,"s:22:24:22:61":13,"b:22:43:22:52:22:52:22:61":3,"s:25:2:28:Infinity":14}}}
,"/Users/juliatimokhina/react2026Q2/src/hooks/usePokemonQueries.ts": {"path":"/Users/juliatimokhina/react2026Q2/src/hooks/usePokemonQueries.ts","statementMap":{"0":{"start":{"line":5,"column":27},"end":{"line":11,"column":null}},"1":{"start":{"line":7,"column":15},"end":{"line":7,"column":43}},"2":{"start":{"line":8,"column":72},"end":{"line":8,"column":105}},"3":{"start":{"line":9,"column":17},"end":{"line":9,"column":47}},"4":{"start":{"line":10,"column":35},"end":{"line":10,"column":null}},"5":{"start":{"line":14,"column":2},"end":{"line":18,"column":null}},"6":{"start":{"line":16,"column":20},"end":{"line":16,"column":103}},"7":{"start":{"line":22,"column":2},"end":{"line":27,"column":null}},"8":{"start":{"line":24,"column":4},"end":{"line":24,"column":53}}},"fnMap":{"0":{"name":"(anonymous_0)","decl":{"start":{"line":7,"column":2},"end":{"line":7,"column":15}},"loc":{"start":{"line":7,"column":15},"end":{"line":7,"column":43}},"line":7},"1":{"name":"(anonymous_1)","decl":{"start":{"line":8,"column":2},"end":{"line":8,"column":9}},"loc":{"start":{"line":8,"column":72},"end":{"line":8,"column":105}},"line":8},"2":{"name":"(anonymous_2)","decl":{"start":{"line":9,"column":2},"end":{"line":9,"column":17}},"loc":{"start":{"line":9,"column":17},"end":{"line":9,"column":47}},"line":9},"3":{"name":"(anonymous_3)","decl":{"start":{"line":10,"column":2},"end":{"line":10,"column":11}},"loc":{"start":{"line":10,"column":35},"end":{"line":10,"column":null}},"line":10},"4":{"name":"usePokemonList","decl":{"start":{"line":13,"column":16},"end":{"line":13,"column":31}},"loc":{"start":{"line":13,"column":94},"end":{"line":18,"column":null}},"line":13},"5":{"name":"(anonymous_5)","decl":{"start":{"line":16,"column":4},"end":{"line":16,"column":20}},"loc":{"start":{"line":16,"column":20},"end":{"line":16,"column":103}},"line":16},"6":{"name":"usePokemonDetail","decl":{"start":{"line":21,"column":16},"end":{"line":21,"column":33}},"loc":{"start":{"line":21,"column":66},"end":{"line":27,"column":null}},"line":21},"7":{"name":"(anonymous_7)","decl":{"start":{"line":24,"column":4},"end":{"line":24,"column":19}},"loc":{"start":{"line":24,"column":4},"end":{"line":24,"column":53}},"line":24}},"branchMap":{"0":{"loc":{"start":{"line":13,"column":31},"end":{"line":13,"column":49}},"type":"default-arg","locations":[{"start":{"line":13,"column":46},"end":{"line":13,"column":49}}],"line":13},"1":{"loc":{"start":{"line":13,"column":49},"end":{"line":13,"column":74}},"type":"default-arg","locations":[{"start":{"line":13,"column":70},"end":{"line":13,"column":74}}],"line":13},"2":{"loc":{"start":{"line":13,"column":74},"end":{"line":13,"column":94}},"type":"default-arg","locations":[{"start":{"line":13,"column":90},"end":{"line":13,"column":94}}],"line":13},"3":{"loc":{"start":{"line":16,"column":20},"end":{"line":16,"column":103}},"type":"cond-expr","locations":[{"start":{"line":16,"column":20},"end":{"line":16,"column":71}},{"start":{"line":16,"column":71},"end":{"line":16,"column":103}}],"line":16}},"s":{"0":0,"1":0,"2":0,"3":0,"4":0,"5":0,"6":0,"7":0,"8":0},"f":{"0":0,"1":0,"2":0,"3":0,"4":0,"5":0,"6":0,"7":0},"b":{"0":[0],"1":[0],"2":[0],"3":[0,0]},"meta":{"lastBranch":4,"lastFunction":8,"lastStatement":9,"seen":{"s:5:27:11:Infinity":0,"f:7:2:7:15":0,"s:7:15:7:43":1,"f:8:2:8:9":1,"s:8:72:8:105":2,"f:9:2:9:17":2,"s:9:17:9:47":3,"f:10:2:10:11":3,"s:10:35:10:Infinity":4,"f:13:16:13:31":4,"b:13:46:13:49":0,"b:13:70:13:74":1,"b:13:90:13:94":2,"s:14:2:18:Infinity":5,"f:16:4:16:20":5,"s:16:20:16:103":6,"b:16:20:16:71:16:71:16:103":3,"f:21:16:21:33":6,"s:22:2:27:Infinity":7,"f:24:4:24:19":7,"s:24:4:24:53":8}}}
,"/Users/juliatimokhina/react2026Q2/src/layout/Header/Header.tsx": {"path":"/Users/juliatimokhina/react2026Q2/src/layout/Header/Header.tsx","statementMap":{"0":{"start":{"line":3,"column":6},"end":{"line":13,"column":null}},"1":{"start":{"line":4,"column":2},"end":{"line":13,"column":null}}},"fnMap":{"0":{"name":"(anonymous_0)","decl":{"start":{"line":3,"column":6},"end":{"line":3,"column":21}},"loc":{"start":{"line":3,"column":21},"end":{"line":13,"column":null}},"line":3}},"branchMap":{},"s":{"0":2,"1":2},"f":{"0":2},"b":{},"meta":{"lastBranch":0,"lastFunction":1,"lastStatement":2,"seen":{"s:3:6:13:Infinity":0,"f:3:6:3:21":0,"s:4:2:13:Infinity":1}}}
,"/Users/juliatimokhina/react2026Q2/src/layout/Main/Main.tsx": {"path":"/Users/juliatimokhina/react2026Q2/src/layout/Main/Main.tsx","statementMap":{"0":{"start":{"line":7,"column":6},"end":{"line":8,"column":null}},"1":{"start":{"line":8,"column":2},"end":{"line":8,"column":null}}},"fnMap":{"0":{"name":"(anonymous_0)","decl":{"start":{"line":7,"column":6},"end":{"line":7,"column":14}},"loc":{"start":{"line":7,"column":41},"end":{"line":8,"column":null}},"line":7}},"branchMap":{},"s":{"0":2,"1":7},"f":{"0":7},"b":{},"meta":{"lastBranch":0,"lastFunction":1,"lastStatement":2,"seen":{"s:7:6:8:Infinity":0,"f:7:6:7:14":0,"s:8:2:8:Infinity":1}}}
,"/Users/juliatimokhina/react2026Q2/src/layout/RootLayout/RootLayout.tsx": {"path":"/Users/juliatimokhina/react2026Q2/src/layout/RootLayout/RootLayout.tsx","statementMap":{"0":{"start":{"line":6,"column":6},"end":{"line":18,"column":null}},"1":{"start":{"line":7,"column":2},"end":{"line":18,"column":null}}},"fnMap":{"0":{"name":"(anonymous_0)","decl":{"start":{"line":6,"column":6},"end":{"line":6,"column":25}},"loc":{"start":{"line":6,"column":25},"end":{"line":18,"column":null}},"line":6}},"branchMap":{},"s":{"0":1,"1":1},"f":{"0":1},"b":{},"meta":{"lastBranch":0,"lastFunction":1,"lastStatement":2,"seen":{"s:6:6:18:Infinity":0,"f:6:6:6:25":0,"s:7:2:18:Infinity":1}}}
,"/Users/juliatimokhina/react2026Q2/src/lib/react-query.ts": {"path":"/Users/juliatimokhina/react2026Q2/src/lib/react-query.ts","statementMap":{"0":{"start":{"line":3,"column":19},"end":{"line":3,"column":null}},"1":{"start":{"line":4,"column":16},"end":{"line":4,"column":null}},"2":{"start":{"line":6,"column":27},"end":{"line":15,"column":2}}},"fnMap":{},"branchMap":{"0":{"loc":{"start":{"line":3,"column":19},"end":{"line":3,"column":null}},"type":"binary-expr","locations":[{"start":{"line":3,"column":19},"end":{"line":3,"column":64}},{"start":{"line":3,"column":68},"end":{"line":3,"column":null}}],"line":3},"1":{"loc":{"start":{"line":4,"column":16},"end":{"line":4,"column":null}},"type":"binary-expr","locations":[{"start":{"line":4,"column":16},"end":{"line":4,"column":58}},{"start":{"line":4,"column":62},"end":{"line":4,"column":null}}],"line":4}},"s":{"0":0,"1":0,"2":0},"f":{},"b":{"0":[0,0],"1":[0,0]},"meta":{"lastBranch":2,"lastFunction":0,"lastStatement":3,"seen":{"s:3:19:3:Infinity":0,"b:3:19:3:64:3:68:3:Infinity":0,"s:4:16:4:Infinity":1,"b:4:16:4:58:4:62:4:Infinity":1,"s:6:27:15:2":2}}}
,"/Users/juliatimokhina/react2026Q2/src/pages/AboutPage/AboutPage.tsx": {"path":"/Users/juliatimokhina/react2026Q2/src/pages/AboutPage/AboutPage.tsx","statementMap":{"0":{"start":{"line":3,"column":6},"end":{"line":22,"column":null}},"1":{"start":{"line":4,"column":2},"end":{"line":22,"column":null}}},"fnMap":{"0":{"name":"(anonymous_0)","decl":{"start":{"line":3,"column":6},"end":{"line":3,"column":24}},"loc":{"start":{"line":3,"column":24},"end":{"line":22,"column":null}},"line":3}},"branchMap":{},"s":{"0":1,"1":1},"f":{"0":1},"b":{},"meta":{"lastBranch":0,"lastFunction":1,"lastStatement":2,"seen":{"s:3:6:22:Infinity":0,"f:3:6:3:24":0,"s:4:2:22:Infinity":1}}}
,"/Users/juliatimokhina/react2026Q2/src/pages/HomePage/HomePage.tsx": {"path":"/Users/juliatimokhina/react2026Q2/src/pages/HomePage/HomePage.tsx","statementMap":{"0":{"start":{"line":11,"column":23},"end":{"line":11,"column":null}},"1":{"start":{"line":13,"column":6},"end":{"line":60,"column":null}},"2":{"start":{"line":14,"column":23},"end":{"line":14,"column":59}},"3":{"start":{"line":15,"column":21},"end":{"line":15,"column":null}},"4":{"start":{"line":16,"column":22},"end":{"line":16,"column":67}},"5":{"start":{"line":17,"column":20},"end":{"line":17,"column":null}},"6":{"start":{"line":19,"column":27},"end":{"line":19,"column":90}},"7":{"start":{"line":20,"column":16},"end":{"line":20,"column":33}},"8":{"start":{"line":21,"column":21},"end":{"line":21,"column":null}},"9":{"start":{"line":22,"column":21},"end":{"line":22,"column":59}},"10":{"start":{"line":24,"column":8},"end":{"line":25,"column":null}},"11":{"start":{"line":25,"column":4},"end":{"line":25,"column":null}},"12":{"start":{"line":28,"column":8},"end":{"line":29,"column":null}},"13":{"start":{"line":29,"column":4},"end":{"line":29,"column":null}},"14":{"start":{"line":32,"column":2},"end":{"line":60,"column":null}}},"fnMap":{"0":{"name":"(anonymous_0)","decl":{"start":{"line":13,"column":6},"end":{"line":13,"column":23}},"loc":{"start":{"line":13,"column":23},"end":{"line":60,"column":null}},"line":13},"1":{"name":"(anonymous_1)","decl":{"start":{"line":24,"column":8},"end":{"line":24,"column":24}},"loc":{"start":{"line":24,"column":41},"end":{"line":25,"column":null}},"line":24},"2":{"name":"(anonymous_2)","decl":{"start":{"line":28,"column":8},"end":{"line":28,"column":28}},"loc":{"start":{"line":28,"column":45},"end":{"line":29,"column":null}},"line":28}},"branchMap":{"0":{"loc":{"start":{"line":15,"column":21},"end":{"line":15,"column":null}},"type":"binary-expr","locations":[{"start":{"line":15,"column":21},"end":{"line":15,"column":47}},{"start":{"line":15,"column":51},"end":{"line":15,"column":null}}],"line":15},"1":{"loc":{"start":{"line":16,"column":31},"end":{"line":16,"column":64}},"type":"binary-expr","locations":[{"start":{"line":16,"column":31},"end":{"line":16,"column":55}},{"start":{"line":16,"column":59},"end":{"line":16,"column":64}}],"line":16},"2":{"loc":{"start":{"line":17,"column":20},"end":{"line":17,"column":null}},"type":"cond-expr","locations":[{"start":{"line":17,"column":60},"end":{"line":17,"column":64}},{"start":{"line":17,"column":64},"end":{"line":17,"column":null}}],"line":17},"3":{"loc":{"start":{"line":17,"column":20},"end":{"line":17,"column":60}},"type":"binary-expr","locations":[{"start":{"line":17,"column":20},"end":{"line":17,"column":38}},{"start":{"line":17,"column":42},"end":{"line":17,"column":60}}],"line":17},"4":{"loc":{"start":{"line":20,"column":16},"end":{"line":20,"column":33}},"type":"binary-expr","locations":[{"start":{"line":20,"column":16},"end":{"line":20,"column":31}},{"start":{"line":20,"column":31},"end":{"line":20,"column":33}}],"line":20},"5":{"loc":{"start":{"line":21,"column":21},"end":{"line":21,"column":null}},"type":"binary-expr","locations":[{"start":{"line":21,"column":21},"end":{"line":21,"column":36}},{"start":{"line":21,"column":36},"end":{"line":21,"column":null}}],"line":21},"6":{"loc":{"start":{"line":29,"column":46},"end":{"line":29,"column":85}},"type":"binary-expr","locations":[{"start":{"line":29,"column":46},"end":{"line":29,"column":60}},{"start":{"line":29,"column":60},"end":{"line":29,"column":85}}],"line":29},"7":{"loc":{"start":{"line":36,"column":7},"end":{"line":36,"column":null}},"type":"binary-expr","locations":[{"start":{"line":36,"column":7},"end":{"line":36,"column":20}},{"start":{"line":36,"column":20},"end":{"line":36,"column":null}}],"line":36},"8":{"loc":{"start":{"line":38,"column":7},"end":{"line":38,"column":null}},"type":"binary-expr","locations":[{"start":{"line":38,"column":7},"end":{"line":38,"column":16}},{"start":{"line":38,"column":16},"end":{"line":38,"column":null}}],"line":38},"9":{"loc":{"start":{"line":40,"column":7},"end":{"line":55,"column":null}},"type":"binary-expr","locations":[{"start":{"line":40,"column":7},"end":{"line":40,"column":21}},{"start":{"line":40,"column":21},"end":{"line":40,"column":null}},{"start":{"line":41,"column":8},"end":{"line":55,"column":null}}],"line":40},"10":{"loc":{"start":{"line":44,"column":13},"end":{"line":49,"column":null}},"type":"binary-expr","locations":[{"start":{"line":44,"column":13},"end":{"line":44,"column":null}},{"start":{"line":45,"column":14},"end":{"line":49,"column":null}}],"line":44}},"s":{"0":1,"1":1,"2":6,"3":6,"4":6,"5":6,"6":6,"7":6,"8":6,"9":6,"10":6,"11":1,"12":6,"13":1,"14":6},"f":{"0":6,"1":1,"2":1},"b":{"0":[6,5],"1":[6,2],"2":[0,6],"3":[6,6],"4":[6,0],"5":[6,0],"6":[1,0],"7":[6,0],"8":[6,0],"9":[6,6,6],"10":[6,6]},"meta":{"lastBranch":11,"lastFunction":3,"lastStatement":15,"seen":{"s:11:23:11:Infinity":0,"s:13:6:60:Infinity":1,"f:13:6:13:23":0,"s:14:23:14:59":2,"s:15:21:15:Infinity":3,"b:15:21:15:47:15:51:15:Infinity":0,"s:16:22:16:67":4,"b:16:31:16:55:16:59:16:64":1,"s:17:20:17:Infinity":5,"b:17:60:17:64:17:64:17:Infinity":2,"b:17:20:17:38:17:42:17:60":3,"s:19:27:19:90":6,"s:20:16:20:33":7,"b:20:16:20:31:20:31:20:33":4,"s:21:21:21:Infinity":8,"b:21:21:21:36:21:36:21:Infinity":5,"s:22:21:22:59":9,"s:24:8:25:Infinity":10,"f:24:8:24:24":1,"s:25:4:25:Infinity":11,"s:28:8:29:Infinity":12,"f:28:8:28:28":2,"s:29:4:29:Infinity":13,"b:29:46:29:60:29:60:29:85":6,"s:32:2:60:Infinity":14,"b:36:7:36:20:36:20:36:Infinity":7,"b:38:7:38:16:38:16:38:Infinity":8,"b:40:7:40:21:40:21:40:Infinity:41:8:55:Infinity":9,"b:44:13:44:Infinity:45:14:49:Infinity":10}}}
,"/Users/juliatimokhina/react2026Q2/src/pages/NotFoundPage/NotFoundPage.tsx": {"path":"/Users/juliatimokhina/react2026Q2/src/pages/NotFoundPage/NotFoundPage.tsx","statementMap":{"0":{"start":{"line":4,"column":6},"end":{"line":9,"column":null}},"1":{"start":{"line":5,"column":2},"end":{"line":9,"column":null}}},"fnMap":{"0":{"name":"(anonymous_0)","decl":{"start":{"line":4,"column":6},"end":{"line":4,"column":27}},"loc":{"start":{"line":4,"column":27},"end":{"line":9,"column":null}},"line":4}},"branchMap":{},"s":{"0":1,"1":1},"f":{"0":1},"b":{},"meta":{"lastBranch":0,"lastFunction":1,"lastStatement":2,"seen":{"s:4:6:9:Infinity":0,"f:4:6:4:27":0,"s:5:2:9:Infinity":1}}}
,"/Users/juliatimokhina/react2026Q2/src/pages/PokemonDetailPage/PokemonDetailPage.tsx": {"path":"/Users/juliatimokhina/react2026Q2/src/pages/PokemonDetailPage/PokemonDetailPage.tsx","statementMap":{"0":{"start":{"line":5,"column":6},"end":{"line":34,"column":null}},"1":{"start":{"line":6,"column":10},"end":{"line":6,"column":44}},"2":{"start":{"line":7,"column":8},"end":{"line":7,"column":32}},"3":{"start":{"line":8,"column":9},"end":{"line":8,"column":42}},"4":{"start":{"line":9,"column":22},"end":{"line":9,"column":null}},"5":{"start":{"line":11,"column":36},"end":{"line":11,"column":66}},"6":{"start":{"line":13,"column":8},"end":{"line":14,"column":null}},"7":{"start":{"line":14,"column":4},"end":{"line":14,"column":null}},"8":{"start":{"line":17,"column":2},"end":{"line":17,"column":null}},"9":{"start":{"line":17,"column":17},"end":{"line":17,"column":null}},"10":{"start":{"line":18,"column":2},"end":{"line":18,"column":null}},"11":{"start":{"line":18,"column":13},"end":{"line":18,"column":null}},"12":{"start":{"line":19,"column":2},"end":{"line":19,"column":null}},"13":{"start":{"line":19,"column":16},"end":{"line":19,"column":null}},"14":{"start":{"line":21,"column":2},"end":{"line":34,"column":null}},"15":{"start":{"line":32,"column":12},"end":{"line":32,"column":null}}},"fnMap":{"0":{"name":"(anonymous_0)","decl":{"start":{"line":5,"column":6},"end":{"line":5,"column":32}},"loc":{"start":{"line":5,"column":32},"end":{"line":34,"column":null}},"line":5},"1":{"name":"(anonymous_1)","decl":{"start":{"line":13,"column":8},"end":{"line":13,"column":28}},"loc":{"start":{"line":13,"column":28},"end":{"line":14,"column":null}},"line":13},"2":{"name":"(anonymous_2)","decl":{"start":{"line":31,"column":25},"end":{"line":31,"column":29}},"loc":{"start":{"line":32,"column":12},"end":{"line":32,"column":null}},"line":32}},"branchMap":{"0":{"loc":{"start":{"line":9,"column":22},"end":{"line":9,"column":null}},"type":"binary-expr","locations":[{"start":{"line":9,"column":22},"end":{"line":9,"column":46}},{"start":{"line":9,"column":50},"end":{"line":9,"column":null}}],"line":9},"1":{"loc":{"start":{"line":17,"column":2},"end":{"line":17,"column":null}},"type":"if","locations":[{"start":{"line":17,"column":2},"end":{"line":17,"column":null}},{"start":{},"end":{}}],"line":17},"2":{"loc":{"start":{"line":18,"column":2},"end":{"line":18,"column":null}},"type":"if","locations":[{"start":{"line":18,"column":2},"end":{"line":18,"column":null}},{"start":{},"end":{}}],"line":18},"3":{"loc":{"start":{"line":19,"column":2},"end":{"line":19,"column":null}},"type":"if","locations":[{"start":{"line":19,"column":2},"end":{"line":19,"column":null}},{"start":{},"end":{}}],"line":19},"4":{"loc":{"start":{"line":29,"column":7},"end":{"line":34,"column":null}},"type":"binary-expr","locations":[{"start":{"line":29,"column":7},"end":{"line":29,"column":null}},{"start":{"line":30,"column":8},"end":{"line":34,"column":null}}],"line":29}},"s":{"0":1,"1":3,"2":3,"3":3,"4":3,"5":3,"6":3,"7":0,"8":3,"9":1,"10":2,"11":2,"12":1,"13":0,"14":1,"15":1},"f":{"0":3,"1":0,"2":1},"b":{"0":[3,3],"1":[1,2],"2":[1,1],"3":[0,1],"4":[1,1]},"meta":{"lastBranch":5,"lastFunction":3,"lastStatement":16,"seen":{"s:5:6:34:Infinity":0,"f:5:6:5:32":0,"s:6:10:6:44":1,"s:7:8:7:32":2,"s:8:9:8:42":3,"s:9:22:9:Infinity":4,"b:9:22:9:46:9:50:9:Infinity":0,"s:11:36:11:66":5,"s:13:8:14:Infinity":6,"f:13:8:13:28":1,"s:14:4:14:Infinity":7,"b:17:2:17:Infinity:undefined:undefined:undefined:undefined":1,"s:17:2:17:Infinity":8,"s:17:17:17:Infinity":9,"b:18:2:18:Infinity:undefined:undefined:undefined:undefined":2,"s:18:2:18:Infinity":10,"s:18:13:18:Infinity":11,"b:19:2:19:Infinity:undefined:undefined:undefined:undefined":3,"s:19:2:19:Infinity":12,"s:19:16:19:Infinity":13,"s:21:2:34:Infinity":14,"b:29:7:29:Infinity:30:8:34:Infinity":4,"f:31:25:31:29":2,"s:32:12:32:Infinity":15}}}
,"/Users/juliatimokhina/react2026Q2/src/router/index.tsx": {"path":"/Users/juliatimokhina/react2026Q2/src/router/index.tsx","statementMap":{"0":{"start":{"line":8,"column":13},"end":{"line":25,"column":2}}},"fnMap":{},"branchMap":{},"s":{"0":0},"f":{},"b":{},"meta":{"lastBranch":0,"lastFunction":0,"lastStatement":1,"seen":{"s:8:13:25:2":0}}}
,"/Users/juliatimokhina/react2026Q2/src/services/pokeApi.ts": {"path":"/Users/juliatimokhina/react2026Q2/src/services/pokeApi.ts","statementMap":{"0":{"start":{"line":3,"column":17},"end":{"line":3,"column":null}},"1":{"start":{"line":4,"column":23},"end":{"line":4,"column":null}},"2":{"start":{"line":8,"column":19},"end":{"line":8,"column":85}},"3":{"start":{"line":9,"column":2},"end":{"line":9,"column":null}},"4":{"start":{"line":9,"column":20},"end":{"line":9,"column":null}},"5":{"start":{"line":10,"column":15},"end":{"line":10,"column":36}},"6":{"start":{"line":11,"column":2},"end":{"line":11,"column":null}},"7":{"start":{"line":15,"column":19},"end":{"line":15,"column":65}},"8":{"start":{"line":16,"column":2},"end":{"line":16,"column":null}},"9":{"start":{"line":16,"column":20},"end":{"line":16,"column":null}},"10":{"start":{"line":17,"column":2},"end":{"line":17,"column":null}},"11":{"start":{"line":21,"column":19},"end":{"line":21,"column":73}},"12":{"start":{"line":22,"column":2},"end":{"line":22,"column":null}},"13":{"start":{"line":22,"column":20},"end":{"line":22,"column":null}},"14":{"start":{"line":23,"column":2},"end":{"line":23,"column":null}},"15":{"start":{"line":27,"column":28},"end":{"line":30,"column":4}},"16":{"start":{"line":32,"column":23},"end":{"line":33,"column":null}},"17":{"start":{"line":33,"column":15},"end":{"line":33,"column":null}},"18":{"start":{"line":35,"column":22},"end":{"line":37,"column":null}},"19":{"start":{"line":39,"column":2},"end":{"line":47,"column":null}},"20":{"start":{"line":46,"column":33},"end":{"line":46,"column":null}},"21":{"start":{"line":51,"column":15},"end":{"line":51,"column":47}},"22":{"start":{"line":52,"column":20},"end":{"line":52,"column":null}},"23":{"start":{"line":53,"column":24},"end":{"line":53,"column":26}},"24":{"start":{"line":54,"column":2},"end":{"line":59,"column":null}},"25":{"start":{"line":54,"column":15},"end":{"line":54,"column":18}},"26":{"start":{"line":55,"column":18},"end":{"line":55,"column":46}},"27":{"start":{"line":56,"column":23},"end":{"line":57,"column":null}},"28":{"start":{"line":57,"column":21},"end":{"line":57,"column":49}},"29":{"start":{"line":59,"column":4},"end":{"line":59,"column":null}},"30":{"start":{"line":61,"column":2},"end":{"line":61,"column":null}},"31":{"start":{"line":64,"column":36},"end":{"line":64,"column":null}},"32":{"start":{"line":67,"column":2},"end":{"line":68,"column":null}},"33":{"start":{"line":68,"column":4},"end":{"line":68,"column":null}},"34":{"start":{"line":70,"column":19},"end":{"line":72,"column":null}},"35":{"start":{"line":71,"column":36},"end":{"line":71,"column":88}},"36":{"start":{"line":73,"column":16},"end":{"line":73,"column":null}},"37":{"start":{"line":74,"column":8},"end":{"line":74,"column":null}},"38":{"start":{"line":75,"column":16},"end":{"line":75,"column":52}},"39":{"start":{"line":76,"column":2},"end":{"line":76,"column":null}},"40":{"start":{"line":80,"column":19},"end":{"line":80,"column":61}},"41":{"start":{"line":81,"column":15},"end":{"line":81,"column":36}},"42":{"start":{"line":82,"column":2},"end":{"line":82,"column":null}},"43":{"start":{"line":86,"column":8},"end":{"line":86,"column":null}},"44":{"start":{"line":87,"column":15},"end":{"line":87,"column":59}},"45":{"start":{"line":88,"column":16},"end":{"line":89,"column":null}},"46":{"start":{"line":89,"column":18},"end":{"line":89,"column":46}},"47":{"start":{"line":91,"column":16},"end":{"line":91,"column":39}},"48":{"start":{"line":92,"column":2},"end":{"line":92,"column":null}},"49":{"start":{"line":96,"column":8},"end":{"line":96,"column":null}},"50":{"start":{"line":97,"column":19},"end":{"line":97,"column":85}},"51":{"start":{"line":98,"column":2},"end":{"line":98,"column":null}},"52":{"start":{"line":98,"column":20},"end":{"line":98,"column":null}},"53":{"start":{"line":99,"column":15},"end":{"line":99,"column":36}},"54":{"start":{"line":100,"column":16},"end":{"line":100,"column":null}},"55":{"start":{"line":101,"column":37},"end":{"line":101,"column":null}},"56":{"start":{"line":102,"column":16},"end":{"line":102,"column":78}},"57":{"start":{"line":102,"column":48},"end":{"line":102,"column":76}},"58":{"start":{"line":103,"column":2},"end":{"line":103,"column":null}}},"fnMap":{"0":{"name":"fetchPokemonList","decl":{"start":{"line":7,"column":22},"end":{"line":7,"column":39}},"loc":{"start":{"line":7,"column":95},"end":{"line":11,"column":null}},"line":7},"1":{"name":"fetchPokemonDetail","decl":{"start":{"line":14,"column":22},"end":{"line":14,"column":41}},"loc":{"start":{"line":14,"column":95},"end":{"line":17,"column":null}},"line":14},"2":{"name":"fetchPokemonSpecies","decl":{"start":{"line":20,"column":22},"end":{"line":20,"column":42}},"loc":{"start":{"line":20,"column":97},"end":{"line":23,"column":null}},"line":20},"3":{"name":"fetchFullPokemonItem","decl":{"start":{"line":26,"column":22},"end":{"line":26,"column":43}},"loc":{"start":{"line":26,"column":85},"end":{"line":47,"column":null}},"line":26},"4":{"name":"(anonymous_4)","decl":{"start":{"line":32,"column":51},"end":{"line":32,"column":null}},"loc":{"start":{"line":33,"column":15},"end":{"line":33,"column":null}},"line":33},"5":{"name":"(anonymous_5)","decl":{"start":{"line":46,"column":24},"end":{"line":46,"column":28}},"loc":{"start":{"line":46,"column":33},"end":{"line":46,"column":null}},"line":46},"6":{"name":"fetchAllPokemonItems","decl":{"start":{"line":50,"column":22},"end":{"line":50,"column":43}},"loc":{"start":{"line":50,"column":73},"end":{"line":61,"column":null}},"line":50},"7":{"name":"(anonymous_7)","decl":{"start":{"line":57,"column":12},"end":{"line":57,"column":16}},"loc":{"start":{"line":57,"column":21},"end":{"line":57,"column":49}},"line":57},"8":{"name":"searchPokemon","decl":{"start":{"line":66,"column":22},"end":{"line":66,"column":36}},"loc":{"start":{"line":66,"column":124},"end":{"line":76,"column":null}},"line":66},"9":{"name":"(anonymous_9)","decl":{"start":{"line":71,"column":21},"end":{"line":71,"column":28}},"loc":{"start":{"line":71,"column":36},"end":{"line":71,"column":88}},"line":71},"10":{"name":"fetchTotalCount","decl":{"start":{"line":79,"column":22},"end":{"line":79,"column":57}},"loc":{"start":{"line":79,"column":57},"end":{"line":82,"column":null}},"line":79},"11":{"name":"fetchPokemonPageItems","decl":{"start":{"line":85,"column":22},"end":{"line":85,"column":44}},"loc":{"start":{"line":85,"column":123},"end":{"line":92,"column":null}},"line":85},"12":{"name":"(anonymous_12)","decl":{"start":{"line":89,"column":9},"end":{"line":89,"column":13}},"loc":{"start":{"line":89,"column":18},"end":{"line":89,"column":46}},"line":89},"13":{"name":"fetchPokemonPage","decl":{"start":{"line":95,"column":22},"end":{"line":95,"column":39}},"loc":{"start":{"line":95,"column":113},"end":{"line":103,"column":null}},"line":95},"14":{"name":"(anonymous_14)","decl":{"start":{"line":102,"column":39},"end":{"line":102,"column":43}},"loc":{"start":{"line":102,"column":48},"end":{"line":102,"column":76}},"line":102}},"branchMap":{"0":{"loc":{"start":{"line":7,"column":39},"end":{"line":7,"column":52}},"type":"default-arg","locations":[{"start":{"line":7,"column":47},"end":{"line":7,"column":52}}],"line":7},"1":{"loc":{"start":{"line":7,"column":52},"end":{"line":7,"column":95}},"type":"default-arg","locations":[{"start":{"line":7,"column":61},"end":{"line":7,"column":95}}],"line":7},"2":{"loc":{"start":{"line":9,"column":2},"end":{"line":9,"column":null}},"type":"if","locations":[{"start":{"line":9,"column":2},"end":{"line":9,"column":null}},{"start":{},"end":{}}],"line":9},"3":{"loc":{"start":{"line":16,"column":2},"end":{"line":16,"column":null}},"type":"if","locations":[{"start":{"line":16,"column":2},"end":{"line":16,"column":null}},{"start":{},"end":{}}],"line":16},"4":{"loc":{"start":{"line":22,"column":2},"end":{"line":22,"column":null}},"type":"if","locations":[{"start":{"line":22,"column":2},"end":{"line":22,"column":null}},{"start":{},"end":{}}],"line":22},"5":{"loc":{"start":{"line":35,"column":22},"end":{"line":37,"column":null}},"type":"cond-expr","locations":[{"start":{"line":36,"column":6},"end":{"line":36,"column":60}},{"start":{"line":37,"column":6},"end":{"line":37,"column":null}}],"line":35},"6":{"loc":{"start":{"line":50,"column":43},"end":{"line":50,"column":73}},"type":"default-arg","locations":[{"start":{"line":50,"column":51},"end":{"line":50,"column":73}}],"line":50},"7":{"loc":{"start":{"line":66,"column":64},"end":{"line":66,"column":124}},"type":"default-arg","locations":[{"start":{"line":66,"column":80},"end":{"line":66,"column":124}}],"line":66},"8":{"loc":{"start":{"line":67,"column":2},"end":{"line":68,"column":null}},"type":"if","locations":[{"start":{"line":67,"column":2},"end":{"line":68,"column":null}},{"start":{},"end":{}}],"line":67},"9":{"loc":{"start":{"line":70,"column":19},"end":{"line":72,"column":null}},"type":"cond-expr","locations":[{"start":{"line":71,"column":6},"end":{"line":71,"column":89}},{"start":{"line":72,"column":6},"end":{"line":72,"column":null}}],"line":70},"10":{"loc":{"start":{"line":95,"column":53},"end":{"line":95,"column":113}},"type":"default-arg","locations":[{"start":{"line":95,"column":69},"end":{"line":95,"column":113}}],"line":95},"11":{"loc":{"start":{"line":98,"column":2},"end":{"line":98,"column":null}},"type":"if","locations":[{"start":{"line":98,"column":2},"end":{"line":98,"column":null}},{"start":{},"end":{}}],"line":98}},"s":{"0":0,"1":0,"2":0,"3":0,"4":0,"5":0,"6":0,"7":0,"8":0,"9":0,"10":0,"11":0,"12":0,"13":0,"14":0,"15":0,"16":0,"17":0,"18":0,"19":0,"20":0,"21":0,"22":0,"23":0,"24":0,"25":0,"26":0,"27":0,"28":0,"29":0,"30":0,"31":0,"32":0,"33":0,"34":0,"35":0,"36":0,"37":0,"38":0,"39":0,"40":0,"41":0,"42":0,"43":0,"44":0,"45":0,"46":0,"47":0,"48":0,"49":0,"50":0,"51":0,"52":0,"53":0,"54":0,"55":0,"56":0,"57":0,"58":0},"f":{"0":0,"1":0,"2":0,"3":0,"4":0,"5":0,"6":0,"7":0,"8":0,"9":0,"10":0,"11":0,"12":0,"13":0,"14":0},"b":{"0":[0],"1":[0],"2":[0,0],"3":[0,0],"4":[0,0],"5":[0,0],"6":[0],"7":[0],"8":[0,0],"9":[0,0],"10":[0],"11":[0,0]},"meta":{"lastBranch":12,"lastFunction":15,"lastStatement":59,"seen":{"s:3:17:3:Infinity":0,"s:4:23:4:Infinity":1,"f:7:22:7:39":0,"b:7:47:7:52":0,"b:7:61:7:95":1,"s:8:19:8:85":2,"b:9:2:9:Infinity:undefined:undefined:undefined:undefined":2,"s:9:2:9:Infinity":3,"s:9:20:9:Infinity":4,"s:10:15:10:36":5,"s:11:2:11:Infinity":6,"f:14:22:14:41":1,"s:15:19:15:65":7,"b:16:2:16:Infinity:undefined:undefined:undefined:undefined":3,"s:16:2:16:Infinity":8,"s:16:20:16:Infinity":9,"s:17:2:17:Infinity":10,"f:20:22:20:42":2,"s:21:19:21:73":11,"b:22:2:22:Infinity:undefined:undefined:undefined:undefined":4,"s:22:2:22:Infinity":12,"s:22:20:22:Infinity":13,"s:23:2:23:Infinity":14,"f:26:22:26:43":3,"s:27:28:30:4":15,"s:32:23:33:Infinity":16,"f:32:51:32:Infinity":4,"s:33:15:33:Infinity":17,"s:35:22:37:Infinity":18,"b:36:6:36:60:37:6:37:Infinity":5,"s:39:2:47:Infinity":19,"f:46:24:46:28":5,"s:46:33:46:Infinity":20,"f:50:22:50:43":6,"b:50:51:50:73":6,"s:51:15:51:47":21,"s:52:20:52:Infinity":22,"s:53:24:53:26":23,"s:54:2:59:Infinity":24,"s:54:15:54:18":25,"s:55:18:55:46":26,"s:56:23:57:Infinity":27,"f:57:12:57:16":7,"s:57:21:57:49":28,"s:59:4:59:Infinity":29,"s:61:2:61:Infinity":30,"s:64:36:64:Infinity":31,"f:66:22:66:36":8,"b:66:80:66:124":7,"b:67:2:68:Infinity:undefined:undefined:undefined:undefined":8,"s:67:2:68:Infinity":32,"s:68:4:68:Infinity":33,"s:70:19:72:Infinity":34,"b:71:6:71:89:72:6:72:Infinity":9,"f:71:21:71:28":9,"s:71:36:71:88":35,"s:73:16:73:Infinity":36,"s:74:8:74:Infinity":37,"s:75:16:75:52":38,"s:76:2:76:Infinity":39,"f:79:22:79:57":10,"s:80:19:80:61":40,"s:81:15:81:36":41,"s:82:2:82:Infinity":42,"f:85:22:85:44":11,"s:86:8:86:Infinity":43,"s:87:15:87:59":44,"s:88:16:89:Infinity":45,"f:89:9:89:13":12,"s:89:18:89:46":46,"s:91:16:91:39":47,"s:92:2:92:Infinity":48,"f:95:22:95:39":13,"b:95:69:95:113":10,"s:96:8:96:Infinity":49,"s:97:19:97:85":50,"b:98:2:98:Infinity:undefined:undefined:undefined:undefined":11,"s:98:2:98:Infinity":51,"s:98:20:98:Infinity":52,"s:99:15:99:36":53,"s:100:16:100:Infinity":54,"s:101:37:101:Infinity":55,"s:102:16:102:78":56,"f:102:39:102:43":14,"s:102:48:102:76":57,"s:103:2:103:Infinity":58}}}
,"/Users/juliatimokhina/react2026Q2/src/store/pokemonStore.ts": {"path":"/Users/juliatimokhina/react2026Q2/src/store/pokemonStore.ts","statementMap":{"0":{"start":{"line":4,"column":13},"end":{"line":15,"column":3}},"1":{"start":{"line":4,"column":72},"end":{"line":15,"column":3}},"2":{"start":{"line":7,"column":28},"end":{"line":7,"column":33}},"3":{"start":{"line":8,"column":19},"end":{"line":8,"column":39}},"4":{"start":{"line":9,"column":4},"end":{"line":10,"column":null}},"5":{"start":{"line":9,"column":24},"end":{"line":9,"column":null}},"6":{"start":{"line":10,"column":9},"end":{"line":10,"column":null}},"7":{"start":{"line":11,"column":4},"end":{"line":11,"column":null}},"8":{"start":{"line":13,"column":23},"end":{"line":13,"column":54}},"9":{"start":{"line":14,"column":22},"end":{"line":14,"column":null}}},"fnMap":{"0":{"name":"(anonymous_0)","decl":{"start":{"line":4,"column":31},"end":{"line":4,"column":58}},"loc":{"start":{"line":4,"column":72},"end":{"line":15,"column":3}},"line":4},"1":{"name":"(anonymous_1)","decl":{"start":{"line":6,"column":2},"end":{"line":6,"column":19}},"loc":{"start":{"line":6,"column":26},"end":{"line":11,"column":null}},"line":6},"2":{"name":"(anonymous_2)","decl":{"start":{"line":13,"column":2},"end":{"line":13,"column":23}},"loc":{"start":{"line":13,"column":23},"end":{"line":13,"column":54}},"line":13},"3":{"name":"(anonymous_3)","decl":{"start":{"line":14,"column":2},"end":{"line":14,"column":15}},"loc":{"start":{"line":14,"column":22},"end":{"line":14,"column":null}},"line":14}},"branchMap":{"0":{"loc":{"start":{"line":9,"column":4},"end":{"line":10,"column":null}},"type":"if","locations":[{"start":{"line":9,"column":4},"end":{"line":10,"column":null}},{"start":{"line":10,"column":9},"end":{"line":10,"column":null}}],"line":9}},"s":{"0":4,"1":4,"2":0,"3":0,"4":0,"5":0,"6":0,"7":0,"8":0,"9":0},"f":{"0":4,"1":0,"2":0,"3":0},"b":{"0":[0,0]},"meta":{"lastBranch":1,"lastFunction":4,"lastStatement":10,"seen":{"s:4:13:15:3":0,"f:4:31:4:58":0,"s:4:72:15:3":1,"f:6:2:6:19":1,"s:7:28:7:33":2,"s:8:19:8:39":3,"b:9:4:10:Infinity:10:9:10:Infinity":0,"s:9:4:10:Infinity":4,"s:9:24:9:Infinity":5,"s:10:9:10:Infinity":6,"s:11:4:11:Infinity":7,"f:13:2:13:23":2,"s:13:23:13:54":8,"f:14:2:14:15":3,"s:14:22:14:Infinity":9}}}
,"/Users/juliatimokhina/react2026Q2/src/types/index.ts": {"path":"/Users/juliatimokhina/react2026Q2/src/types/index.ts","statementMap":{},"fnMap":{},"branchMap":{},"s":{},"f":{},"b":{},"meta":{"lastBranch":0,"lastFunction":0,"lastStatement":0,"seen":{}}}
}
